[22:55:38 INF] SEM5_PI_WEBAPI.Domain.Shared.RequestLogsMiddleware      - ┌───────────────────────────────────────────────
[22:55:38 INF] SEM5_PI_WEBAPI.Domain.Shared.RequestLogsMiddleware      - │ HTTP GET /api/Vessel/imo/IMO%209319466
[22:55:38 INF] SEM5_PI_WEBAPI.Domain.Shared.RequestLogsMiddleware      - │ From IP: 127.0.0.1
[22:55:38 INF] SEM5_PI_WEBAPI.Domain.Shared.RequestLogsMiddleware      - └───────────────────────────────────────────────
[22:55:38 INF] SEM5_PI_WEBAPI.Domain.Shared.RequestLogsMiddleware      - ──────│ ✔ COMPLETED GET /api/Vessel/imo/IMO%209319466 with 404 in 1.278 ms
[22:56:17 INF] SEM5_PI_WEBAPI.Domain.Shared.RequestLogsMiddleware      - ┌───────────────────────────────────────────────
[22:56:17 INF] SEM5_PI_WEBAPI.Domain.Shared.RequestLogsMiddleware      - │ HTTP GET /api/Vessel/imo/9319466
[22:56:17 INF] SEM5_PI_WEBAPI.Domain.Shared.RequestLogsMiddleware      - │ From IP: 127.0.0.1
[22:56:17 INF] SEM5_PI_WEBAPI.Domain.Shared.RequestLogsMiddleware      - └───────────────────────────────────────────────
[22:56:17 INF] SEM5_PI_WEBAPI.Domain.Shared.RequestLogsMiddleware      - ──────│ ✔ COMPLETED GET /api/Vessel/imo/9319466 with 404 in 0.094 ms
[22:56:21 INF] SEM5_PI_WEBAPI.Domain.Shared.RequestLogsMiddleware      - ┌───────────────────────────────────────────────
[22:56:21 INF] SEM5_PI_WEBAPI.Domain.Shared.RequestLogsMiddleware      - │ HTTP GET /api/Vessel/id/cbfa5eb4-7d11-4032-baeb-c2bdaa888ce6
[22:56:21 INF] SEM5_PI_WEBAPI.Domain.Shared.RequestLogsMiddleware      - │ From IP: 127.0.0.1
[22:56:21 INF] SEM5_PI_WEBAPI.Domain.Shared.RequestLogsMiddleware      - └───────────────────────────────────────────────
[22:56:21 INF] SEM5_PI_WEBAPI.Controllers.VesselController             - API Request: Fetching Vessel with ID = "cbfa5eb4-7d11-4032-baeb-c2bdaa888ce6"
[22:56:21 INF] SEM5_PI_WEBAPI.Domain.Vessels.VesselService             - Business Domain: Request to fetch Vessel with ID = cbfa5eb4-7d11-4032-baeb-c2bdaa888ce6
[22:56:22 INF] SEM5_PI_WEBAPI.Domain.Vessels.VesselService             - Business Domain: Vessel with ID = cbfa5eb4-7d11-4032-baeb-c2bdaa888ce6 found successfully.
[22:56:22 WRN] SEM5_PI_WEBAPI.Controllers.VesselController             - API Response (200): Vessel with ID = "cbfa5eb4-7d11-4032-baeb-c2bdaa888ce6" -> FOUND
[22:56:22 INF] SEM5_PI_WEBAPI.Domain.Shared.RequestLogsMiddleware      - ──────│ ✔ COMPLETED GET /api/Vessel/id/cbfa5eb4-7d11-4032-baeb-c2bdaa888ce6 with 200 in 1372.474 ms
[22:56:25 INF] SEM5_PI_WEBAPI.Domain.Shared.RequestLogsMiddleware      - ┌───────────────────────────────────────────────
[22:56:25 INF] SEM5_PI_WEBAPI.Domain.Shared.RequestLogsMiddleware      - │ HTTP GET /api/Vessel
[22:56:25 INF] SEM5_PI_WEBAPI.Domain.Shared.RequestLogsMiddleware      - │ From IP: 127.0.0.1
[22:56:25 INF] SEM5_PI_WEBAPI.Domain.Shared.RequestLogsMiddleware      - └───────────────────────────────────────────────
[22:56:25 INF] SEM5_PI_WEBAPI.Controllers.VesselController             - API Request: Get All Vessels on DataBase
[22:56:25 INF] SEM5_PI_WEBAPI.Domain.Vessels.VesselService             - Business Domain: Request to fetch all Vessels.
[22:56:25 INF] SEM5_PI_WEBAPI.Domain.Vessels.VesselService             - Business Domain: Found [2] Vessel in database.
[22:56:25 INF] SEM5_PI_WEBAPI.Domain.Vessels.VesselService             - Business Domain: Returning [2] Vessels DTOs.
[22:56:25 WRN] SEM5_PI_WEBAPI.Controllers.VesselController             - API Response (200): A total of 2 were found -> [{"Id":"cbfa5eb4-7d11-4032-baeb-c2bdaa888ce6","ImoNumber":{"Value":"9319466","$type":"ImoNumber"},"Name":"Ever Given","Owner":"Evergreen Marine","VesselTypeId":{"Value":"b928c0c9-90c8-4e41-9a6d-59ec1ffef048","$type":"VesselTypeId"},"$type":"VesselDto"},{"Id":"6f64d24d-aef5-4c22-badf-1c8467b52178","ImoNumber":{"Value":"9399014","$type":"ImoNumber"},"Name":"MSC Gülsün","Owner":"Mediterranean Shipping Company","VesselTypeId":{"Value":"b928c0c9-90c8-4e41-9a6d-59ec1ffef048","$type":"VesselTypeId"},"$type":"VesselDto"}]
[22:56:25 INF] SEM5_PI_WEBAPI.Domain.Shared.RequestLogsMiddleware      - ──────│ ✔ COMPLETED GET /api/Vessel with 200 in 43.685 ms
[22:56:40 INF] SEM5_PI_WEBAPI.Domain.Shared.RequestLogsMiddleware      - ┌───────────────────────────────────────────────
[22:56:40 INF] SEM5_PI_WEBAPI.Domain.Shared.RequestLogsMiddleware      - │ HTTP GET /api/Vessel/imo/9319466
[22:56:40 INF] SEM5_PI_WEBAPI.Domain.Shared.RequestLogsMiddleware      - │ From IP: 127.0.0.1
[22:56:40 INF] SEM5_PI_WEBAPI.Domain.Shared.RequestLogsMiddleware      - └───────────────────────────────────────────────
[22:56:40 INF] SEM5_PI_WEBAPI.Domain.Shared.RequestLogsMiddleware      - ──────│ ✔ COMPLETED GET /api/Vessel/imo/9319466 with 404 in 0.021 ms
[23:00:42 INF] SEM5_PI_WEBAPI.Domain.Shared.RequestLogsMiddleware      - ┌───────────────────────────────────────────────
[23:00:42 INF] SEM5_PI_WEBAPI.Domain.Shared.RequestLogsMiddleware      - │ HTTP GET /api/Vessel/imo/9319466
[23:00:42 INF] SEM5_PI_WEBAPI.Domain.Shared.RequestLogsMiddleware      - │ From IP: 127.0.0.1
[23:00:42 INF] SEM5_PI_WEBAPI.Domain.Shared.RequestLogsMiddleware      - └───────────────────────────────────────────────
[23:00:42 INF] SEM5_PI_WEBAPI.Controllers.VesselController             - API Request: Fetching Vessel with IMO Number = 9319466
[23:00:42 INF] SEM5_PI_WEBAPI.Domain.Vessels.VesselService             - Business Domain: Request to fetch Vessel with IMO Number = 9319466
[23:00:42 INF] SEM5_PI_WEBAPI.Domain.Vessels.VesselService             - Business Domain: Vessel with IMO Number = 9319466 found successfully.
[23:00:42 WRN] SEM5_PI_WEBAPI.Controllers.VesselController             - API Response (200): Vessel with IMO Number = 9319466 -> FOUND
[23:00:42 INF] SEM5_PI_WEBAPI.Domain.Shared.RequestLogsMiddleware      - ──────│ ✔ COMPLETED GET /api/Vessel/imo/9319466 with 200 in 64.578 ms
[23:00:52 INF] SEM5_PI_WEBAPI.Domain.Shared.RequestLogsMiddleware      - ┌───────────────────────────────────────────────
[23:00:52 INF] SEM5_PI_WEBAPI.Domain.Shared.RequestLogsMiddleware      - │ HTTP GET /api/Vessel/imo/imo%209319466
[23:00:52 INF] SEM5_PI_WEBAPI.Domain.Shared.RequestLogsMiddleware      - │ From IP: 127.0.0.1
[23:00:52 INF] SEM5_PI_WEBAPI.Domain.Shared.RequestLogsMiddleware      - └───────────────────────────────────────────────
[23:00:52 INF] SEM5_PI_WEBAPI.Controllers.VesselController             - API Request: Fetching Vessel with IMO Number = imo 9319466
[23:00:52 INF] SEM5_PI_WEBAPI.Domain.Vessels.VesselService             - Business Domain: Request to fetch Vessel with IMO Number = 9319466
[23:00:52 INF] SEM5_PI_WEBAPI.Domain.Vessels.VesselService             - Business Domain: Vessel with IMO Number = 9319466 found successfully.
[23:00:52 WRN] SEM5_PI_WEBAPI.Controllers.VesselController             - API Response (200): Vessel with IMO Number = imo 9319466 -> FOUND
[23:00:52 INF] SEM5_PI_WEBAPI.Domain.Shared.RequestLogsMiddleware      - ──────│ ✔ COMPLETED GET /api/Vessel/imo/imo%209319466 with 200 in 8.152 ms
[23:00:57 INF] SEM5_PI_WEBAPI.Domain.Shared.RequestLogsMiddleware      - ┌───────────────────────────────────────────────
[23:00:57 INF] SEM5_PI_WEBAPI.Domain.Shared.RequestLogsMiddleware      - │ HTTP GET /api/Vessel/imo/imo9319466
[23:00:57 INF] SEM5_PI_WEBAPI.Domain.Shared.RequestLogsMiddleware      - │ From IP: 127.0.0.1
[23:00:57 INF] SEM5_PI_WEBAPI.Domain.Shared.RequestLogsMiddleware      - └───────────────────────────────────────────────
[23:00:57 INF] SEM5_PI_WEBAPI.Controllers.VesselController             - API Request: Fetching Vessel with IMO Number = imo9319466
[23:00:57 WRN] SEM5_PI_WEBAPI.Controllers.VesselController             - API Error (404): IMO Number format is invalid. Use 'IMO #######'
[23:00:57 INF] SEM5_PI_WEBAPI.Domain.Shared.RequestLogsMiddleware      - ──────│ ✔ COMPLETED GET /api/Vessel/imo/imo9319466 with 404 in 2.34 ms
[23:01:04 INF] SEM5_PI_WEBAPI.Domain.Shared.RequestLogsMiddleware      - ┌───────────────────────────────────────────────
[23:01:04 INF] SEM5_PI_WEBAPI.Domain.Shared.RequestLogsMiddleware      - │ HTTP GET /api/Vessel/imo/imo%209319462
[23:01:04 INF] SEM5_PI_WEBAPI.Domain.Shared.RequestLogsMiddleware      - │ From IP: 127.0.0.1
[23:01:04 INF] SEM5_PI_WEBAPI.Domain.Shared.RequestLogsMiddleware      - └───────────────────────────────────────────────
[23:01:04 INF] SEM5_PI_WEBAPI.Controllers.VesselController             - API Request: Fetching Vessel with IMO Number = imo 9319462
[23:01:04 WRN] SEM5_PI_WEBAPI.Controllers.VesselController             - API Error (404): Invalid IMO Number: Check Digit doesn't match -> Maybe [6].
[23:01:04 INF] SEM5_PI_WEBAPI.Domain.Shared.RequestLogsMiddleware      - ──────│ ✔ COMPLETED GET /api/Vessel/imo/imo%209319462 with 404 in 2.063 ms
[23:01:09 INF] SEM5_PI_WEBAPI.Domain.Shared.RequestLogsMiddleware      - ┌───────────────────────────────────────────────
[23:01:09 INF] SEM5_PI_WEBAPI.Domain.Shared.RequestLogsMiddleware      - │ HTTP GET /api/Vessel/imo/imo%209319466
[23:01:09 INF] SEM5_PI_WEBAPI.Domain.Shared.RequestLogsMiddleware      - │ From IP: 127.0.0.1
[23:01:09 INF] SEM5_PI_WEBAPI.Domain.Shared.RequestLogsMiddleware      - └───────────────────────────────────────────────
[23:01:09 INF] SEM5_PI_WEBAPI.Controllers.VesselController             - API Request: Fetching Vessel with IMO Number = imo 9319466
[23:01:09 INF] SEM5_PI_WEBAPI.Domain.Vessels.VesselService             - Business Domain: Request to fetch Vessel with IMO Number = 9319466
[23:01:09 INF] SEM5_PI_WEBAPI.Domain.Vessels.VesselService             - Business Domain: Vessel with IMO Number = 9319466 found successfully.
[23:01:09 WRN] SEM5_PI_WEBAPI.Controllers.VesselController             - API Response (200): Vessel with IMO Number = imo 9319466 -> FOUND
[23:01:09 INF] SEM5_PI_WEBAPI.Domain.Shared.RequestLogsMiddleware      - ──────│ ✔ COMPLETED GET /api/Vessel/imo/imo%209319466 with 200 in 3.405 ms
[23:01:33 INF] SEM5_PI_WEBAPI.Domain.Shared.RequestLogsMiddleware      - ┌───────────────────────────────────────────────
[23:01:33 INF] SEM5_PI_WEBAPI.Domain.Shared.RequestLogsMiddleware      - │ HTTP GET /api/Vessel/imo/imo%209399014
[23:01:33 INF] SEM5_PI_WEBAPI.Domain.Shared.RequestLogsMiddleware      - │ From IP: 127.0.0.1
[23:01:33 INF] SEM5_PI_WEBAPI.Domain.Shared.RequestLogsMiddleware      - └───────────────────────────────────────────────
[23:01:33 INF] SEM5_PI_WEBAPI.Controllers.VesselController             - API Request: Fetching Vessel with IMO Number = imo 9399014
[23:01:33 INF] SEM5_PI_WEBAPI.Domain.Vessels.VesselService             - Business Domain: Request to fetch Vessel with IMO Number = 9399014
[23:01:33 INF] SEM5_PI_WEBAPI.Domain.Vessels.VesselService             - Business Domain: Vessel with IMO Number = 9399014 found successfully.
[23:01:33 WRN] SEM5_PI_WEBAPI.Controllers.VesselController             - API Response (200): Vessel with IMO Number = imo 9399014 -> FOUND
[23:01:33 INF] SEM5_PI_WEBAPI.Domain.Shared.RequestLogsMiddleware      - ──────│ ✔ COMPLETED GET /api/Vessel/imo/imo%209399014 with 200 in 2.628 ms
[23:01:44 INF] SEM5_PI_WEBAPI.Domain.Shared.RequestLogsMiddleware      - ┌───────────────────────────────────────────────
[23:01:44 INF] SEM5_PI_WEBAPI.Domain.Shared.RequestLogsMiddleware      - │ HTTP GET /api/Vessel/imo/imo%209706901
[23:01:44 INF] SEM5_PI_WEBAPI.Domain.Shared.RequestLogsMiddleware      - │ From IP: 127.0.0.1
[23:01:44 INF] SEM5_PI_WEBAPI.Domain.Shared.RequestLogsMiddleware      - └───────────────────────────────────────────────
[23:01:44 INF] SEM5_PI_WEBAPI.Controllers.VesselController             - API Request: Fetching Vessel with IMO Number = imo 9706901
[23:01:44 WRN] SEM5_PI_WEBAPI.Controllers.VesselController             - API Error (404): Invalid IMO Number: Check Digit doesn't match -> Maybe [6].
[23:01:44 INF] SEM5_PI_WEBAPI.Domain.Shared.RequestLogsMiddleware      - ──────│ ✔ COMPLETED GET /api/Vessel/imo/imo%209706901 with 404 in 1.408 ms
[23:01:48 INF] SEM5_PI_WEBAPI.Domain.Shared.RequestLogsMiddleware      - ┌───────────────────────────────────────────────
[23:01:48 INF] SEM5_PI_WEBAPI.Domain.Shared.RequestLogsMiddleware      - │ HTTP GET /api/Vessel/imo/imo%209706906
[23:01:48 INF] SEM5_PI_WEBAPI.Domain.Shared.RequestLogsMiddleware      - │ From IP: 127.0.0.1
[23:01:48 INF] SEM5_PI_WEBAPI.Domain.Shared.RequestLogsMiddleware      - └───────────────────────────────────────────────
[23:01:48 INF] SEM5_PI_WEBAPI.Controllers.VesselController             - API Request: Fetching Vessel with IMO Number = imo 9706906
[23:01:48 INF] SEM5_PI_WEBAPI.Domain.Vessels.VesselService             - Business Domain: Request to fetch Vessel with IMO Number = 9706906
[23:01:48 WRN] SEM5_PI_WEBAPI.Controllers.VesselController             - API Error (404): No Vessel Found with IMO Number : 9706906
[23:01:48 INF] SEM5_PI_WEBAPI.Domain.Shared.RequestLogsMiddleware      - ──────│ ✔ COMPLETED GET /api/Vessel/imo/imo%209706906 with 404 in 3.231 ms
[23:16:47 INF] SEM5_PI_WEBAPI.Domain.Shared.RequestLogsMiddleware      - ┌───────────────────────────────────────────────
[23:16:47 INF] SEM5_PI_WEBAPI.Domain.Shared.RequestLogsMiddleware      - │ HTTP GET /api/Vessel/name/Ever%20Given
[23:16:47 INF] SEM5_PI_WEBAPI.Domain.Shared.RequestLogsMiddleware      - │ From IP: 127.0.0.1
[23:16:47 INF] SEM5_PI_WEBAPI.Domain.Shared.RequestLogsMiddleware      - └───────────────────────────────────────────────
[23:16:47 INF] SEM5_PI_WEBAPI.Controllers.VesselController             - API Request: Fetching Vessel with Name = Ever Given
[23:16:47 WRN] SEM5_PI_WEBAPI.Controllers.VesselController             - API Error (404): IMO Number must have exactly 7 digits (6 base digits + 1 check digit).
[23:16:47 INF] SEM5_PI_WEBAPI.Domain.Shared.RequestLogsMiddleware      - ──────│ ✔ COMPLETED GET /api/Vessel/name/Ever%20Given with 404 in 202.058 ms
[23:17:29 INF] SEM5_PI_WEBAPI.Domain.Shared.RequestLogsMiddleware      - ┌───────────────────────────────────────────────
[23:17:29 INF] SEM5_PI_WEBAPI.Domain.Shared.RequestLogsMiddleware      - │ HTTP GET /api/Vessel/name/Ever%20Given
[23:17:29 INF] SEM5_PI_WEBAPI.Domain.Shared.RequestLogsMiddleware      - │ From IP: 127.0.0.1
[23:17:29 INF] SEM5_PI_WEBAPI.Domain.Shared.RequestLogsMiddleware      - └───────────────────────────────────────────────
[23:17:29 INF] SEM5_PI_WEBAPI.Controllers.VesselController             - API Request: Fetching Vessel with Name = Ever Given
[23:17:29 INF] SEM5_PI_WEBAPI.Domain.Vessels.VesselService             - Business Domain: Request to fetch Vessel with Name = Ever Given
[23:22:45 INF] SEM5_PI_WEBAPI.Domain.Shared.RequestLogsMiddleware      - ┌───────────────────────────────────────────────
[23:22:45 INF] SEM5_PI_WEBAPI.Domain.Shared.RequestLogsMiddleware      - │ HTTP GET /api/Vessel/name/Ever%20Given
[23:22:45 INF] SEM5_PI_WEBAPI.Domain.Shared.RequestLogsMiddleware      - │ From IP: 127.0.0.1
[23:22:45 INF] SEM5_PI_WEBAPI.Domain.Shared.RequestLogsMiddleware      - └───────────────────────────────────────────────
[23:22:45 INF] SEM5_PI_WEBAPI.Controllers.VesselController             - API Request: Fetching Vessel with Name = Ever Given
[23:22:45 INF] SEM5_PI_WEBAPI.Domain.Vessels.VesselService             - Business Domain: Request to fetch Vessel with Name = Ever Given
[23:22:46 INF] SEM5_PI_WEBAPI.Domain.Vessels.VesselService             - Business Domain: Vessel with Name = Ever Given found successfully.
[23:22:46 WRN] SEM5_PI_WEBAPI.Controllers.VesselController             - API Response (200): Vessel with IMO Number = Ever Given -> FOUND
[23:22:46 INF] SEM5_PI_WEBAPI.Domain.Shared.RequestLogsMiddleware      - ──────│ ✔ COMPLETED GET /api/Vessel/name/Ever%20Given with 200 in 419.599 ms
[23:26:02 INF] SEM5_PI_WEBAPI.Domain.Shared.RequestLogsMiddleware      - ┌───────────────────────────────────────────────
[23:26:02 INF] SEM5_PI_WEBAPI.Domain.Shared.RequestLogsMiddleware      - │ HTTP GET /api/Vessel/name/Ever%20Given
[23:26:02 INF] SEM5_PI_WEBAPI.Domain.Shared.RequestLogsMiddleware      - │ From IP: 127.0.0.1
[23:26:02 INF] SEM5_PI_WEBAPI.Domain.Shared.RequestLogsMiddleware      - └───────────────────────────────────────────────
[23:26:02 INF] SEM5_PI_WEBAPI.Controllers.VesselController             - API Request: Fetching Vessel with Name = Ever Given
[23:26:02 INF] SEM5_PI_WEBAPI.Domain.Vessels.VesselService             - Business Domain: Request to fetch Vessel with Name = Ever Given
[23:26:02 INF] SEM5_PI_WEBAPI.Domain.Vessels.VesselService             - Business Domain: Vessel with Name = Ever Given found successfully.
[23:26:02 WRN] SEM5_PI_WEBAPI.Controllers.VesselController             - API Response (200): Vessel with IMO Number = Ever Given -> FOUND
[23:26:02 INF] SEM5_PI_WEBAPI.Domain.Shared.RequestLogsMiddleware      - ──────│ ✔ COMPLETED GET /api/Vessel/name/Ever%20Given with 200 in 46.561 ms
[23:28:49 INF] SEM5_PI_WEBAPI.Domain.Shared.RequestLogsMiddleware      - ┌───────────────────────────────────────────────
[23:28:49 INF] SEM5_PI_WEBAPI.Domain.Shared.RequestLogsMiddleware      - │ HTTP GET /api/Vessel/name/Ever%20Given
[23:28:49 INF] SEM5_PI_WEBAPI.Domain.Shared.RequestLogsMiddleware      - │ From IP: 127.0.0.1
[23:28:49 INF] SEM5_PI_WEBAPI.Domain.Shared.RequestLogsMiddleware      - └───────────────────────────────────────────────
[23:28:49 INF] SEM5_PI_WEBAPI.Controllers.VesselController             - API Request: Fetching Vessel with Name = Ever Given
[23:28:49 INF] SEM5_PI_WEBAPI.Domain.Vessels.VesselService             - Business Domain: Request to fetch Vessel with Name = Ever Given
[23:28:49 INF] SEM5_PI_WEBAPI.Domain.Vessels.VesselService             - Business Domain: Vessel with Name = Ever Given found successfully.
[23:28:49 WRN] SEM5_PI_WEBAPI.Controllers.VesselController             - API Response (200): Vessel with IMO Number = Ever Given -> FOUND
[23:28:49 INF] SEM5_PI_WEBAPI.Domain.Shared.RequestLogsMiddleware      - ──────│ ✔ COMPLETED GET /api/Vessel/name/Ever%20Given with 200 in 10.643 ms
[23:30:09 INF] SEM5_PI_WEBAPI.Domain.Shared.RequestLogsMiddleware      - ┌───────────────────────────────────────────────
[23:30:09 INF] SEM5_PI_WEBAPI.Domain.Shared.RequestLogsMiddleware      - │ HTTP GET /api/Vessel/name/MSC%20G%C3%BCls%C3%BCn
[23:30:09 INF] SEM5_PI_WEBAPI.Domain.Shared.RequestLogsMiddleware      - │ From IP: 127.0.0.1
[23:30:09 INF] SEM5_PI_WEBAPI.Domain.Shared.RequestLogsMiddleware      - └───────────────────────────────────────────────
[23:30:09 INF] SEM5_PI_WEBAPI.Controllers.VesselController             - API Request: Fetching Vessel with Name = MSC Gülsün
[23:30:09 INF] SEM5_PI_WEBAPI.Domain.Vessels.VesselService             - Business Domain: Request to fetch Vessel with Name = MSC Gülsün
[23:30:09 INF] SEM5_PI_WEBAPI.Domain.Vessels.VesselService             - Business Domain: Vessel with Name = MSC Gülsün found successfully.
[23:30:09 WRN] SEM5_PI_WEBAPI.Controllers.VesselController             - API Response (200): Vessel with IMO Number = MSC Gülsün -> FOUND
[23:30:09 INF] SEM5_PI_WEBAPI.Domain.Shared.RequestLogsMiddleware      - ──────│ ✔ COMPLETED GET /api/Vessel/name/MSC%20G%C3%BCls%C3%BCn with 200 in 10.872 ms
[23:39:39 INF] SEM5_PI_WEBAPI.Domain.Shared.RequestLogsMiddleware      - ┌───────────────────────────────────────────────
[23:39:39 INF] SEM5_PI_WEBAPI.Domain.Shared.RequestLogsMiddleware      - │ HTTP GET /api/Vessel/id/cbfa5eb4-7d11-4032-baeb-c2bdaa888ce6
[23:39:39 INF] SEM5_PI_WEBAPI.Domain.Shared.RequestLogsMiddleware      - │ From IP: 127.0.0.1
[23:39:39 INF] SEM5_PI_WEBAPI.Domain.Shared.RequestLogsMiddleware      - └───────────────────────────────────────────────
[23:39:40 INF] SEM5_PI_WEBAPI.Controllers.VesselController             - API Request: Fetching Vessel with ID = "cbfa5eb4-7d11-4032-baeb-c2bdaa888ce6"
[23:39:40 INF] SEM5_PI_WEBAPI.Domain.Vessels.VesselService             - Business Domain: Request to fetch Vessel with ID = cbfa5eb4-7d11-4032-baeb-c2bdaa888ce6
[23:39:41 WRN] SEM5_PI_WEBAPI.Controllers.VesselController             - API Error (404): Vessel with ID = "cbfa5eb4-7d11-4032-baeb-c2bdaa888ce6" -> NOT FOUND
[23:39:41 INF] SEM5_PI_WEBAPI.Domain.Shared.RequestLogsMiddleware      - ──────│ ✔ COMPLETED GET /api/Vessel/id/cbfa5eb4-7d11-4032-baeb-c2bdaa888ce6 with 404 in 1498.049 ms
[23:39:44 INF] SEM5_PI_WEBAPI.Domain.Shared.RequestLogsMiddleware      - ┌───────────────────────────────────────────────
[23:39:44 INF] SEM5_PI_WEBAPI.Domain.Shared.RequestLogsMiddleware      - │ HTTP GET /api/Vessel
[23:39:44 INF] SEM5_PI_WEBAPI.Domain.Shared.RequestLogsMiddleware      - │ From IP: 127.0.0.1
[23:39:44 INF] SEM5_PI_WEBAPI.Domain.Shared.RequestLogsMiddleware      - └───────────────────────────────────────────────
[23:39:44 INF] SEM5_PI_WEBAPI.Controllers.VesselController             - API Request: Get All Vessels on DataBase
[23:39:44 INF] SEM5_PI_WEBAPI.Domain.Vessels.VesselService             - Business Domain: Request to fetch all Vessels.
[23:39:44 WRN] SEM5_PI_WEBAPI.Domain.Vessels.VesselService             - Business Domain: No Vessels were found in database.
[23:39:44 INF] SEM5_PI_WEBAPI.Domain.Vessels.VesselService             - Business Domain: Returning [0] Vessels DTOs.
[23:39:44 WRN] SEM5_PI_WEBAPI.Controllers.VesselController             - API Response (400): No Vessels found on DataBase
[23:39:44 INF] SEM5_PI_WEBAPI.Domain.Shared.RequestLogsMiddleware      - ──────│ ✔ COMPLETED GET /api/Vessel with 200 in 56.312 ms
[23:39:50 INF] SEM5_PI_WEBAPI.Domain.Shared.RequestLogsMiddleware      - ┌───────────────────────────────────────────────
[23:39:50 INF] SEM5_PI_WEBAPI.Domain.Shared.RequestLogsMiddleware      - │ HTTP GET /api/Vessel/imo/imo%209706906
[23:39:50 INF] SEM5_PI_WEBAPI.Domain.Shared.RequestLogsMiddleware      - │ From IP: 127.0.0.1
[23:39:50 INF] SEM5_PI_WEBAPI.Domain.Shared.RequestLogsMiddleware      - └───────────────────────────────────────────────
[23:39:50 INF] SEM5_PI_WEBAPI.Controllers.VesselController             - API Request: Fetching Vessel with IMO Number = imo 9706906
[23:39:50 INF] SEM5_PI_WEBAPI.Domain.Vessels.VesselService             - Business Domain: Request to fetch Vessel with IMO Number = 9706906
[23:39:50 WRN] SEM5_PI_WEBAPI.Controllers.VesselController             - API Error (404): No Vessel Found with IMO Number : 9706906
[23:39:50 INF] SEM5_PI_WEBAPI.Domain.Shared.RequestLogsMiddleware      - ──────│ ✔ COMPLETED GET /api/Vessel/imo/imo%209706906 with 404 in 66.685 ms
[23:39:59 INF] SEM5_PI_WEBAPI.Domain.Shared.RequestLogsMiddleware      - ┌───────────────────────────────────────────────
[23:39:59 INF] SEM5_PI_WEBAPI.Domain.Shared.RequestLogsMiddleware      - │ HTTP POST /api/Vessel
[23:39:59 INF] SEM5_PI_WEBAPI.Domain.Shared.RequestLogsMiddleware      - │ From IP: 127.0.0.1
[23:39:59 INF] SEM5_PI_WEBAPI.Domain.Shared.RequestLogsMiddleware      - └───────────────────────────────────────────────
[23:40:00 INF] SEM5_PI_WEBAPI.Controllers.VesselController             - API Request: Add Vessel with body = {"ImoNumber":"9399014","Name":"MSC Gulsun","Owner":"Mediterranean Shipping Company","VesselTypeId":{"Value":"b928c0c9-90c8-4e41-9a6d-59ec1ffef048","$type":"VesselTypeId"},"$type":"CreatingVesselDto"}
[23:40:00 INF] SEM5_PI_WEBAPI.Domain.Vessels.VesselService             - Business Domain: Request to add new Vessel with IMO Number = 9399014
[23:40:00 INF] SEM5_PI_WEBAPI.Domain.Vessels.VesselService             - Business Domain: Vessel Created Successfully with IMO Number [IMO 9399014] and System ID [SEM5_PI_WEBAPI.Domain.Vessels.VesselId].
[23:40:00 INF] SEM5_PI_WEBAPI.Controllers.VesselController             - API Response (201): Vessel created with IMO Number [IMO 9399014] and System ID ["c72e50bd-094e-4847-b103-7f2a2c58cc06"].
[23:40:00 INF] SEM5_PI_WEBAPI.Domain.Shared.RequestLogsMiddleware      - ──────│ ✔ COMPLETED POST /api/Vessel with 201 in 318.536 ms
[23:40:55 INF] SEM5_PI_WEBAPI.Domain.Shared.RequestLogsMiddleware      - ┌───────────────────────────────────────────────
[23:40:55 INF] SEM5_PI_WEBAPI.Domain.Shared.RequestLogsMiddleware      - │ HTTP GET /api/Vessel/imo/imo%209706906
[23:40:55 INF] SEM5_PI_WEBAPI.Domain.Shared.RequestLogsMiddleware      - │ From IP: 127.0.0.1
[23:40:55 INF] SEM5_PI_WEBAPI.Domain.Shared.RequestLogsMiddleware      - └───────────────────────────────────────────────
[23:40:55 INF] SEM5_PI_WEBAPI.Controllers.VesselController             - API Request: Fetching Vessel with IMO Number = imo 9706906
[23:40:55 INF] SEM5_PI_WEBAPI.Domain.Vessels.VesselService             - Business Domain: Request to fetch Vessel with IMO Number = 9706906
[23:40:57 WRN] SEM5_PI_WEBAPI.Controllers.VesselController             - API Error (404): No Vessel Found with IMO Number : 9706906
[23:40:57 INF] SEM5_PI_WEBAPI.Domain.Shared.RequestLogsMiddleware      - ──────│ ✔ COMPLETED GET /api/Vessel/imo/imo%209706906 with 404 in 1546.16 ms
[23:41:00 INF] SEM5_PI_WEBAPI.Domain.Shared.RequestLogsMiddleware      - ┌───────────────────────────────────────────────
[23:41:00 INF] SEM5_PI_WEBAPI.Domain.Shared.RequestLogsMiddleware      - │ HTTP POST /api/Vessel
[23:41:00 INF] SEM5_PI_WEBAPI.Domain.Shared.RequestLogsMiddleware      - │ From IP: 127.0.0.1
[23:41:00 INF] SEM5_PI_WEBAPI.Domain.Shared.RequestLogsMiddleware      - └───────────────────────────────────────────────
[23:41:00 INF] SEM5_PI_WEBAPI.Controllers.VesselController             - API Request: Add Vessel with body = {"ImoNumber":"9399014","Name":"MSC Gulsun","Owner":"Mediterranean Shipping Company","VesselTypeId":{"Value":"b928c0c9-90c8-4e41-9a6d-59ec1ffef048","$type":"VesselTypeId"},"$type":"CreatingVesselDto"}
[23:41:00 INF] SEM5_PI_WEBAPI.Domain.Vessels.VesselService             - Business Domain: Request to add new Vessel with IMO Number = 9399014
[23:41:00 INF] SEM5_PI_WEBAPI.Domain.Vessels.VesselService             - Business Domain: Vessel Created Successfully with IMO Number [IMO 9399014] and System ID [SEM5_PI_WEBAPI.Domain.Vessels.VesselId].
[23:41:00 INF] SEM5_PI_WEBAPI.Controllers.VesselController             - API Response (201): Vessel created with IMO Number [IMO 9399014] and System ID ["3ed28a2a-3560-4fd8-b8b7-289e5647e0e6"].
[23:41:00 INF] SEM5_PI_WEBAPI.Domain.Shared.RequestLogsMiddleware      - ──────│ ✔ COMPLETED POST /api/Vessel with 201 in 293.951 ms
[23:42:12 INF] SEM5_PI_WEBAPI.Domain.Shared.RequestLogsMiddleware      - ┌───────────────────────────────────────────────
[23:42:12 INF] SEM5_PI_WEBAPI.Domain.Shared.RequestLogsMiddleware      - │ HTTP GET /api/Vessel
[23:42:12 INF] SEM5_PI_WEBAPI.Domain.Shared.RequestLogsMiddleware      - │ From IP: 127.0.0.1
[23:42:12 INF] SEM5_PI_WEBAPI.Domain.Shared.RequestLogsMiddleware      - └───────────────────────────────────────────────
[23:42:13 INF] SEM5_PI_WEBAPI.Controllers.VesselController             - API Request: Get All Vessels on DataBase
[23:42:13 INF] SEM5_PI_WEBAPI.Domain.Vessels.VesselService             - Business Domain: Request to fetch all Vessels.
[23:42:14 INF] SEM5_PI_WEBAPI.Domain.Vessels.VesselService             - Business Domain: Found [1] Vessel in database.
[23:42:14 INF] SEM5_PI_WEBAPI.Domain.Vessels.VesselService             - Business Domain: Returning [1] Vessels DTOs.
[23:42:14 WRN] SEM5_PI_WEBAPI.Controllers.VesselController             - API Response (200): A total of 1 were found -> [{"Id":"3ed28a2a-3560-4fd8-b8b7-289e5647e0e6","ImoNumber":{"Value":"9399014","$type":"ImoNumber"},"Name":"MSC Gulsun","Owner":"Mediterranean Shipping Company","VesselTypeId":{"Value":"b928c0c9-90c8-4e41-9a6d-59ec1ffef048","$type":"VesselTypeId"},"$type":"VesselDto"}]
[23:42:14 INF] SEM5_PI_WEBAPI.Domain.Shared.RequestLogsMiddleware      - ──────│ ✔ COMPLETED GET /api/Vessel with 200 in 1382.164 ms
[23:42:30 INF] SEM5_PI_WEBAPI.Domain.Shared.RequestLogsMiddleware      - ┌───────────────────────────────────────────────
[23:42:30 INF] SEM5_PI_WEBAPI.Domain.Shared.RequestLogsMiddleware      - │ HTTP POST /api/Vessel
[23:42:30 INF] SEM5_PI_WEBAPI.Domain.Shared.RequestLogsMiddleware      - │ From IP: 127.0.0.1
[23:42:30 INF] SEM5_PI_WEBAPI.Domain.Shared.RequestLogsMiddleware      - └───────────────────────────────────────────────
[23:42:30 INF] SEM5_PI_WEBAPI.Controllers.VesselController             - API Request: Add Vessel with body = {"ImoNumber":"9399014","Name":"MSC Gulsun","Owner":"Mediterranean Shipping Company","VesselTypeId":{"Value":"b928c0c9-90c8-4e41-9a6d-59ec1ffef048","$type":"VesselTypeId"},"$type":"CreatingVesselDto"}
[23:42:30 INF] SEM5_PI_WEBAPI.Domain.Vessels.VesselService             - Business Domain: Request to add new Vessel with IMO Number = 9399014
[23:42:31 WRN] SEM5_PI_WEBAPI.Controllers.VesselController             - API Error (404): Vessel with IMO Number '9399014' already exists on DB.
[23:42:31 INF] SEM5_PI_WEBAPI.Domain.Shared.RequestLogsMiddleware      - ──────│ ✔ COMPLETED POST /api/Vessel with 400 in 123.949 ms
[23:42:41 INF] SEM5_PI_WEBAPI.Domain.Shared.RequestLogsMiddleware      - ┌───────────────────────────────────────────────
[23:42:41 INF] SEM5_PI_WEBAPI.Domain.Shared.RequestLogsMiddleware      - │ HTTP POST /api/Vessel
[23:42:41 INF] SEM5_PI_WEBAPI.Domain.Shared.RequestLogsMiddleware      - │ From IP: 127.0.0.1
[23:42:41 INF] SEM5_PI_WEBAPI.Domain.Shared.RequestLogsMiddleware      - └───────────────────────────────────────────────
[23:42:41 INF] SEM5_PI_WEBAPI.Controllers.VesselController             - API Request: Add Vessel with body = {"ImoNumber":"9399014","Name":"MSC Gulsun","Owner":"Mediterranean Shipping Company","VesselTypeId":{"Value":"b928c0c9-90c8-4e41-9a6d-59ec1ffef048","$type":"VesselTypeId"},"$type":"CreatingVesselDto"}
[23:42:41 INF] SEM5_PI_WEBAPI.Domain.Vessels.VesselService             - Business Domain: Request to add new Vessel with IMO Number = 9399014
[23:42:41 WRN] SEM5_PI_WEBAPI.Controllers.VesselController             - API Error (404): Vessel with IMO Number '9399014' already exists on DB.
[23:42:41 INF] SEM5_PI_WEBAPI.Domain.Shared.RequestLogsMiddleware      - ──────│ ✔ COMPLETED POST /api/Vessel with 400 in 43.221 ms
[23:57:17 INF] SEM5_PI_WEBAPI.Domain.Shared.RequestLogsMiddleware      - ┌───────────────────────────────────────────────
[23:57:17 INF] SEM5_PI_WEBAPI.Domain.Shared.RequestLogsMiddleware      - │ HTTP GET /api/Vessel
[23:57:17 INF] SEM5_PI_WEBAPI.Domain.Shared.RequestLogsMiddleware      - │ From IP: 127.0.0.1
[23:57:17 INF] SEM5_PI_WEBAPI.Domain.Shared.RequestLogsMiddleware      - └───────────────────────────────────────────────
[23:57:17 INF] SEM5_PI_WEBAPI.Controllers.VesselController             - API Request: Get All Vessels on DataBase
[23:57:17 INF] SEM5_PI_WEBAPI.Domain.Vessels.VesselService             - Business Domain: Request to fetch all Vessels.
[23:57:18 WRN] SEM5_PI_WEBAPI.Domain.Vessels.VesselService             - Business Domain: No Vessels were found in database.
[23:57:18 INF] SEM5_PI_WEBAPI.Domain.Vessels.VesselService             - Business Domain: Returning [0] Vessels DTOs.
[23:57:18 WRN] SEM5_PI_WEBAPI.Controllers.VesselController             - API Response (400): No Vessels found on DataBase
[23:57:18 INF] SEM5_PI_WEBAPI.Domain.Shared.RequestLogsMiddleware      - ──────│ ✔ COMPLETED GET /api/Vessel with 200 in 1303.77 ms
[23:57:21 INF] SEM5_PI_WEBAPI.Domain.Shared.RequestLogsMiddleware      - ┌───────────────────────────────────────────────
[23:57:21 INF] SEM5_PI_WEBAPI.Domain.Shared.RequestLogsMiddleware      - │ HTTP GET /api/Vessel
[23:57:21 INF] SEM5_PI_WEBAPI.Domain.Shared.RequestLogsMiddleware      - │ From IP: 127.0.0.1
[23:57:21 INF] SEM5_PI_WEBAPI.Domain.Shared.RequestLogsMiddleware      - └───────────────────────────────────────────────
[23:57:21 INF] SEM5_PI_WEBAPI.Controllers.VesselController             - API Request: Get All Vessels on DataBase
[23:57:21 INF] SEM5_PI_WEBAPI.Domain.Vessels.VesselService             - Business Domain: Request to fetch all Vessels.
[23:57:21 WRN] SEM5_PI_WEBAPI.Domain.Vessels.VesselService             - Business Domain: No Vessels were found in database.
[23:57:21 INF] SEM5_PI_WEBAPI.Domain.Vessels.VesselService             - Business Domain: Returning [0] Vessels DTOs.
[23:57:21 WRN] SEM5_PI_WEBAPI.Controllers.VesselController             - API Response (400): No Vessels found on DataBase
[23:57:21 INF] SEM5_PI_WEBAPI.Domain.Shared.RequestLogsMiddleware      - ──────│ ✔ COMPLETED GET /api/Vessel with 200 in 17.54 ms
[23:57:31 INF] SEM5_PI_WEBAPI.Domain.Shared.RequestLogsMiddleware      - ┌───────────────────────────────────────────────
[23:57:31 INF] SEM5_PI_WEBAPI.Domain.Shared.RequestLogsMiddleware      - │ HTTP GET /api/Vessel/id/cbfa5eb4-7d11-4032-baeb-c2bdaa888ce6
[23:57:31 INF] SEM5_PI_WEBAPI.Domain.Shared.RequestLogsMiddleware      - │ From IP: 127.0.0.1
[23:57:31 INF] SEM5_PI_WEBAPI.Domain.Shared.RequestLogsMiddleware      - └───────────────────────────────────────────────
[23:57:31 INF] SEM5_PI_WEBAPI.Controllers.VesselController             - API Request: Fetching Vessel with ID = "cbfa5eb4-7d11-4032-baeb-c2bdaa888ce6"
[23:57:31 INF] SEM5_PI_WEBAPI.Domain.Vessels.VesselService             - Business Domain: Request to fetch Vessel with ID = cbfa5eb4-7d11-4032-baeb-c2bdaa888ce6
[23:57:31 WRN] SEM5_PI_WEBAPI.Controllers.VesselController             - API Error (404): Vessel with ID = "cbfa5eb4-7d11-4032-baeb-c2bdaa888ce6" -> NOT FOUND
[23:57:31 INF] SEM5_PI_WEBAPI.Domain.Shared.RequestLogsMiddleware      - ──────│ ✔ COMPLETED GET /api/Vessel/id/cbfa5eb4-7d11-4032-baeb-c2bdaa888ce6 with 404 in 138.227 ms
[23:57:35 INF] SEM5_PI_WEBAPI.Domain.Shared.RequestLogsMiddleware      - ┌───────────────────────────────────────────────
[23:57:35 INF] SEM5_PI_WEBAPI.Domain.Shared.RequestLogsMiddleware      - │ HTTP GET /api/Vessel/id/cbfa5eb4-7d11-4032-baeb-c2bdaa888ce6
[23:57:35 INF] SEM5_PI_WEBAPI.Domain.Shared.RequestLogsMiddleware      - │ From IP: 127.0.0.1
[23:57:35 INF] SEM5_PI_WEBAPI.Domain.Shared.RequestLogsMiddleware      - └───────────────────────────────────────────────
[23:57:35 INF] SEM5_PI_WEBAPI.Controllers.VesselController             - API Request: Fetching Vessel with ID = "cbfa5eb4-7d11-4032-baeb-c2bdaa888ce6"
[23:57:35 INF] SEM5_PI_WEBAPI.Domain.Vessels.VesselService             - Business Domain: Request to fetch Vessel with ID = cbfa5eb4-7d11-4032-baeb-c2bdaa888ce6
[23:57:35 WRN] SEM5_PI_WEBAPI.Controllers.VesselController             - API Error (404): Vessel with ID = "cbfa5eb4-7d11-4032-baeb-c2bdaa888ce6" -> NOT FOUND
[23:57:35 INF] SEM5_PI_WEBAPI.Domain.Shared.RequestLogsMiddleware      - ──────│ ✔ COMPLETED GET /api/Vessel/id/cbfa5eb4-7d11-4032-baeb-c2bdaa888ce6 with 404 in 4.902 ms
[23:57:38 INF] SEM5_PI_WEBAPI.Domain.Shared.RequestLogsMiddleware      - ┌───────────────────────────────────────────────
[23:57:38 INF] SEM5_PI_WEBAPI.Domain.Shared.RequestLogsMiddleware      - │ HTTP GET /api/Vessel/imo/imo%209706906
[23:57:38 INF] SEM5_PI_WEBAPI.Domain.Shared.RequestLogsMiddleware      - │ From IP: 127.0.0.1
[23:57:38 INF] SEM5_PI_WEBAPI.Domain.Shared.RequestLogsMiddleware      - └───────────────────────────────────────────────
[23:57:38 INF] SEM5_PI_WEBAPI.Controllers.VesselController             - API Request: Fetching Vessel with IMO Number = imo 9706906
[23:57:38 INF] SEM5_PI_WEBAPI.Domain.Vessels.VesselService             - Business Domain: Request to fetch Vessel with IMO Number = 9706906
[23:57:38 WRN] SEM5_PI_WEBAPI.Controllers.VesselController             - API Error (404): No Vessel Found with IMO Number : 9706906
[23:57:38 INF] SEM5_PI_WEBAPI.Domain.Shared.RequestLogsMiddleware      - ──────│ ✔ COMPLETED GET /api/Vessel/imo/imo%209706906 with 404 in 28.749 ms
[23:57:41 INF] SEM5_PI_WEBAPI.Domain.Shared.RequestLogsMiddleware      - ┌───────────────────────────────────────────────
[23:57:41 INF] SEM5_PI_WEBAPI.Domain.Shared.RequestLogsMiddleware      - │ HTTP GET /api/Vessel/imo/imo%209706906
[23:57:41 INF] SEM5_PI_WEBAPI.Domain.Shared.RequestLogsMiddleware      - │ From IP: 127.0.0.1
[23:57:41 INF] SEM5_PI_WEBAPI.Domain.Shared.RequestLogsMiddleware      - └───────────────────────────────────────────────
[23:57:41 INF] SEM5_PI_WEBAPI.Controllers.VesselController             - API Request: Fetching Vessel with IMO Number = imo 9706906
[23:57:41 INF] SEM5_PI_WEBAPI.Domain.Vessels.VesselService             - Business Domain: Request to fetch Vessel with IMO Number = 9706906
[23:57:41 WRN] SEM5_PI_WEBAPI.Controllers.VesselController             - API Error (404): No Vessel Found with IMO Number : 9706906
[23:57:41 INF] SEM5_PI_WEBAPI.Domain.Shared.RequestLogsMiddleware      - ──────│ ✔ COMPLETED GET /api/Vessel/imo/imo%209706906 with 404 in 3.672 ms
[23:57:43 INF] SEM5_PI_WEBAPI.Domain.Shared.RequestLogsMiddleware      - ┌───────────────────────────────────────────────
[23:57:43 INF] SEM5_PI_WEBAPI.Domain.Shared.RequestLogsMiddleware      - │ HTTP GET /api/Vessel
[23:57:43 INF] SEM5_PI_WEBAPI.Domain.Shared.RequestLogsMiddleware      - │ From IP: 127.0.0.1
[23:57:43 INF] SEM5_PI_WEBAPI.Domain.Shared.RequestLogsMiddleware      - └───────────────────────────────────────────────
[23:57:43 INF] SEM5_PI_WEBAPI.Controllers.VesselController             - API Request: Get All Vessels on DataBase
[23:57:43 INF] SEM5_PI_WEBAPI.Domain.Vessels.VesselService             - Business Domain: Request to fetch all Vessels.
[23:57:43 WRN] SEM5_PI_WEBAPI.Domain.Vessels.VesselService             - Business Domain: No Vessels were found in database.
[23:57:43 INF] SEM5_PI_WEBAPI.Domain.Vessels.VesselService             - Business Domain: Returning [0] Vessels DTOs.
[23:57:43 WRN] SEM5_PI_WEBAPI.Controllers.VesselController             - API Response (400): No Vessels found on DataBase
[23:57:43 INF] SEM5_PI_WEBAPI.Domain.Shared.RequestLogsMiddleware      - ──────│ ✔ COMPLETED GET /api/Vessel with 200 in 2.323 ms
[23:57:55 INF] SEM5_PI_WEBAPI.Domain.Shared.RequestLogsMiddleware      - ┌───────────────────────────────────────────────
[23:57:55 INF] SEM5_PI_WEBAPI.Domain.Shared.RequestLogsMiddleware      - │ HTTP GET /api/Vessel/name/Ever%20Given
[23:57:55 INF] SEM5_PI_WEBAPI.Domain.Shared.RequestLogsMiddleware      - │ From IP: 127.0.0.1
[23:57:55 INF] SEM5_PI_WEBAPI.Domain.Shared.RequestLogsMiddleware      - └───────────────────────────────────────────────
[23:57:55 INF] SEM5_PI_WEBAPI.Controllers.VesselController             - API Request: Fetching Vessel with Name = Ever Given
[23:57:55 INF] SEM5_PI_WEBAPI.Domain.Vessels.VesselService             - Business Domain: Request to fetch Vessel with Name = Ever Given
[23:57:55 WRN] SEM5_PI_WEBAPI.Controllers.VesselController             - API Error (404): No Vessel/s were Found with Name : Ever Given
[23:57:55 INF] SEM5_PI_WEBAPI.Domain.Shared.RequestLogsMiddleware      - ──────│ ✔ COMPLETED GET /api/Vessel/name/Ever%20Given with 404 in 23.702 ms
[23:57:59 INF] SEM5_PI_WEBAPI.Domain.Shared.RequestLogsMiddleware      - ┌───────────────────────────────────────────────
[23:57:59 INF] SEM5_PI_WEBAPI.Domain.Shared.RequestLogsMiddleware      - │ HTTP GET /api/Vessel/name/Ever%20Given
[23:57:59 INF] SEM5_PI_WEBAPI.Domain.Shared.RequestLogsMiddleware      - │ From IP: 127.0.0.1
[23:57:59 INF] SEM5_PI_WEBAPI.Domain.Shared.RequestLogsMiddleware      - └───────────────────────────────────────────────
[23:57:59 INF] SEM5_PI_WEBAPI.Controllers.VesselController             - API Request: Fetching Vessel with Name = Ever Given
[23:57:59 INF] SEM5_PI_WEBAPI.Domain.Vessels.VesselService             - Business Domain: Request to fetch Vessel with Name = Ever Given
[23:57:59 WRN] SEM5_PI_WEBAPI.Controllers.VesselController             - API Error (404): No Vessel/s were Found with Name : Ever Given
[23:57:59 INF] SEM5_PI_WEBAPI.Domain.Shared.RequestLogsMiddleware      - ──────│ ✔ COMPLETED GET /api/Vessel/name/Ever%20Given with 404 in 3.087 ms
[23:58:01 INF] SEM5_PI_WEBAPI.Domain.Shared.RequestLogsMiddleware      - ┌───────────────────────────────────────────────
[23:58:01 INF] SEM5_PI_WEBAPI.Domain.Shared.RequestLogsMiddleware      - │ HTTP GET /api/Vessel
[23:58:01 INF] SEM5_PI_WEBAPI.Domain.Shared.RequestLogsMiddleware      - │ From IP: 127.0.0.1
[23:58:01 INF] SEM5_PI_WEBAPI.Domain.Shared.RequestLogsMiddleware      - └───────────────────────────────────────────────
[23:58:01 INF] SEM5_PI_WEBAPI.Controllers.VesselController             - API Request: Get All Vessels on DataBase
[23:58:01 INF] SEM5_PI_WEBAPI.Domain.Vessels.VesselService             - Business Domain: Request to fetch all Vessels.
[23:58:01 WRN] SEM5_PI_WEBAPI.Domain.Vessels.VesselService             - Business Domain: No Vessels were found in database.
[23:58:01 INF] SEM5_PI_WEBAPI.Domain.Vessels.VesselService             - Business Domain: Returning [0] Vessels DTOs.
[23:58:01 WRN] SEM5_PI_WEBAPI.Controllers.VesselController             - API Response (400): No Vessels found on DataBase
[23:58:01 INF] SEM5_PI_WEBAPI.Domain.Shared.RequestLogsMiddleware      - ──────│ ✔ COMPLETED GET /api/Vessel with 200 in 2.129 ms
[23:58:19 INF] SEM5_PI_WEBAPI.Domain.Shared.RequestLogsMiddleware      - ┌───────────────────────────────────────────────
[23:58:19 INF] SEM5_PI_WEBAPI.Domain.Shared.RequestLogsMiddleware      - │ HTTP GET /api/Vessel/name/MSC%20Gulsun
[23:58:19 INF] SEM5_PI_WEBAPI.Domain.Shared.RequestLogsMiddleware      - │ From IP: 127.0.0.1
[23:58:19 INF] SEM5_PI_WEBAPI.Domain.Shared.RequestLogsMiddleware      - └───────────────────────────────────────────────
[23:58:19 INF] SEM5_PI_WEBAPI.Controllers.VesselController             - API Request: Fetching Vessel with Name = MSC Gulsun
[23:58:19 INF] SEM5_PI_WEBAPI.Domain.Vessels.VesselService             - Business Domain: Request to fetch Vessel with Name = MSC Gulsun
[23:58:19 WRN] SEM5_PI_WEBAPI.Controllers.VesselController             - API Error (404): No Vessel/s were Found with Name : MSC Gulsun
[23:58:19 INF] SEM5_PI_WEBAPI.Domain.Shared.RequestLogsMiddleware      - ──────│ ✔ COMPLETED GET /api/Vessel/name/MSC%20Gulsun with 404 in 2.713 ms
[23:58:21 INF] SEM5_PI_WEBAPI.Domain.Shared.RequestLogsMiddleware      - ┌───────────────────────────────────────────────
[23:58:21 INF] SEM5_PI_WEBAPI.Domain.Shared.RequestLogsMiddleware      - │ HTTP GET /api/Vessel/name/MSC%20Gulsun
[23:58:21 INF] SEM5_PI_WEBAPI.Domain.Shared.RequestLogsMiddleware      - │ From IP: 127.0.0.1
[23:58:21 INF] SEM5_PI_WEBAPI.Domain.Shared.RequestLogsMiddleware      - └───────────────────────────────────────────────
[23:58:21 INF] SEM5_PI_WEBAPI.Controllers.VesselController             - API Request: Fetching Vessel with Name = MSC Gulsun
[23:58:21 INF] SEM5_PI_WEBAPI.Domain.Vessels.VesselService             - Business Domain: Request to fetch Vessel with Name = MSC Gulsun
[23:58:21 WRN] SEM5_PI_WEBAPI.Controllers.VesselController             - API Error (404): No Vessel/s were Found with Name : MSC Gulsun
[23:58:21 INF] SEM5_PI_WEBAPI.Domain.Shared.RequestLogsMiddleware      - ──────│ ✔ COMPLETED GET /api/Vessel/name/MSC%20Gulsun with 404 in 3.496 ms
[23:58:39 INF] SEM5_PI_WEBAPI.Domain.Shared.RequestLogsMiddleware      - ┌───────────────────────────────────────────────
[23:58:39 INF] SEM5_PI_WEBAPI.Domain.Shared.RequestLogsMiddleware      - │ HTTP POST /api/Vessel
[23:58:39 INF] SEM5_PI_WEBAPI.Domain.Shared.RequestLogsMiddleware      - │ From IP: 127.0.0.1
[23:58:39 INF] SEM5_PI_WEBAPI.Domain.Shared.RequestLogsMiddleware      - └───────────────────────────────────────────────
[23:58:39 INF] SEM5_PI_WEBAPI.Controllers.VesselController             - API Request: Add Vessel with body = {"ImoNumber":"9399014","Name":"MSC Gulsun","Owner":"Mediterranean Shipping Company","VesselTypeId":{"Value":"b928c0c9-90c8-4e41-9a6d-59ec1ffef048","$type":"VesselTypeId"},"$type":"CreatingVesselDto"}
[23:58:39 INF] SEM5_PI_WEBAPI.Domain.Vessels.VesselService             - Business Domain: Request to add new Vessel with IMO Number = 9399014
[23:58:39 INF] SEM5_PI_WEBAPI.Domain.Vessels.VesselService             - Business Domain: Vessel Created Successfully with IMO Number [IMO 9399014] and System ID [SEM5_PI_WEBAPI.Domain.Vessels.VesselId].
[23:58:39 INF] SEM5_PI_WEBAPI.Controllers.VesselController             - API Response (201): Vessel created with IMO Number [IMO 9399014] and System ID ["020044c7-27f3-4cd9-9e96-7043bbe415b7"].
[23:58:39 INF] SEM5_PI_WEBAPI.Domain.Shared.RequestLogsMiddleware      - ──────│ ✔ COMPLETED POST /api/Vessel with 201 in 256.897 ms
[23:58:46 INF] SEM5_PI_WEBAPI.Domain.Shared.RequestLogsMiddleware      - ┌───────────────────────────────────────────────
[23:58:46 INF] SEM5_PI_WEBAPI.Domain.Shared.RequestLogsMiddleware      - │ HTTP GET /api/Vessel/name/MSC%20Gulsun
[23:58:46 INF] SEM5_PI_WEBAPI.Domain.Shared.RequestLogsMiddleware      - │ From IP: 127.0.0.1
[23:58:46 INF] SEM5_PI_WEBAPI.Domain.Shared.RequestLogsMiddleware      - └───────────────────────────────────────────────
[23:58:46 INF] SEM5_PI_WEBAPI.Controllers.VesselController             - API Request: Fetching Vessel with Name = MSC Gulsun
[23:58:46 INF] SEM5_PI_WEBAPI.Domain.Vessels.VesselService             - Business Domain: Request to fetch Vessel with Name = MSC Gulsun
[23:58:46 INF] SEM5_PI_WEBAPI.Domain.Vessels.VesselService             - Business Domain: Vessel with Name = MSC Gulsun found successfully.
[23:58:46 WRN] SEM5_PI_WEBAPI.Controllers.VesselController             - API Response (200): Vessel with IMO Number = MSC Gulsun -> FOUND
[23:58:46 INF] SEM5_PI_WEBAPI.Domain.Shared.RequestLogsMiddleware      - ──────│ ✔ COMPLETED GET /api/Vessel/name/MSC%20Gulsun with 200 in 13.357 ms
