[00:00:13 INF] Microsoft.AspNetCore.Hosting.Diagnostics                               - Request starting HTTP/1.1 GET http://localhost:5008/api/Vessel/name/Ever Given - null null
[00:00:13 INF] SEM5_PI_WEBAPI.Domain.Shared.RequestLogsMiddleware                     - ┌───────────────────────────────────────────────
[00:00:13 INF] SEM5_PI_WEBAPI.Domain.Shared.RequestLogsMiddleware                     - │ HTTP GET /api/Vessel/name/Ever%20Given
[00:00:13 INF] SEM5_PI_WEBAPI.Domain.Shared.RequestLogsMiddleware                     - │ From IP: 127.0.0.1
[00:00:13 INF] SEM5_PI_WEBAPI.Domain.Shared.RequestLogsMiddleware                     - └───────────────────────────────────────────────
[00:00:13 INF] Microsoft.AspNetCore.Routing.EndpointMiddleware                        - Executing endpoint 'SEM5_PI_WEBAPI.Controllers.VesselController.GetByNameAsync (SEM5-PI-WEBAPI)'
[00:00:13 INF] Microsoft.AspNetCore.Mvc.Infrastructure.ControllerActionInvoker        - Route matched with {action = "GetByName", controller = "Vessel"}. Executing controller action with signature System.Threading.Tasks.Task`1[Microsoft.AspNetCore.Mvc.ActionResult`1[System.Collections.Generic.List`1[SEM5_PI_WEBAPI.Domain.Vessels.VesselDto]]] GetByNameAsync(System.String) on controller SEM5_PI_WEBAPI.Controllers.VesselController (SEM5-PI-WEBAPI).
[00:00:13 INF] Microsoft.AspNetCore.Mvc.Infrastructure.ControllerActionInvoker        - Executing action method SEM5_PI_WEBAPI.Controllers.VesselController.GetByNameAsync (SEM5-PI-WEBAPI) - Validation state: "Valid"
[00:00:13 INF] SEM5_PI_WEBAPI.Controllers.VesselController                            - API Request: Fetching Vessel with Name = Ever Given
[00:00:13 INF] SEM5_PI_WEBAPI.Domain.Vessels.VesselService                            - Business Domain: Request to fetch Vessel with Name = Ever Given
[00:00:13 INF] Microsoft.EntityFrameworkCore.Database.Command                         - Executed DbCommand (0ms) [Parameters=[@__ToLower_0='?' (Size = 10)], CommandType='"Text"', CommandTimeout='30']
SELECT "v"."Id", "v"."Name", "v"."Owner", "v"."VesselTypeId", "v"."ImoNumber"
FROM "Vessel" AS "v"
WHERE lower(trim("v"."Name")) = @__ToLower_0
[00:00:13 WRN] SEM5_PI_WEBAPI.Controllers.VesselController                            - API Error (404): No Vessel/s were Found with Name : Ever Given
[00:00:13 INF] Microsoft.AspNetCore.Mvc.Infrastructure.ControllerActionInvoker        - Executed action method SEM5_PI_WEBAPI.Controllers.VesselController.GetByNameAsync (SEM5-PI-WEBAPI), returned result Microsoft.AspNetCore.Mvc.NotFoundObjectResult in 3.7266ms.
[00:00:13 INF] Microsoft.AspNetCore.Mvc.Infrastructure.ObjectResultExecutor           - Executing NotFoundObjectResult, writing value of type 'System.String'.
[00:00:13 INF] Microsoft.AspNetCore.Mvc.Infrastructure.ControllerActionInvoker        - Executed action SEM5_PI_WEBAPI.Controllers.VesselController.GetByNameAsync (SEM5-PI-WEBAPI) in 5.4966ms
[00:00:13 INF] Microsoft.AspNetCore.Routing.EndpointMiddleware                        - Executed endpoint 'SEM5_PI_WEBAPI.Controllers.VesselController.GetByNameAsync (SEM5-PI-WEBAPI)'
[00:00:13 INF] SEM5_PI_WEBAPI.Domain.Shared.RequestLogsMiddleware                     - ──────│ ✔ COMPLETED GET /api/Vessel/name/Ever%20Given with 404 in 6.133 ms
[00:00:13 INF] Microsoft.AspNetCore.Hosting.Diagnostics                               - Request finished HTTP/1.1 GET http://localhost:5008/api/Vessel/name/Ever Given - 404 47 application/json; charset=utf-8 10.2863ms
[00:00:20 INF] Microsoft.AspNetCore.Hosting.Diagnostics                               - Request starting HTTP/1.1 POST http://localhost:5008/api/Vessel - application/json 145
[00:00:20 INF] SEM5_PI_WEBAPI.Domain.Shared.RequestLogsMiddleware                     - ┌───────────────────────────────────────────────
[00:00:20 INF] SEM5_PI_WEBAPI.Domain.Shared.RequestLogsMiddleware                     - │ HTTP POST /api/Vessel
[00:00:20 INF] SEM5_PI_WEBAPI.Domain.Shared.RequestLogsMiddleware                     - │ From IP: 127.0.0.1
[00:00:20 INF] SEM5_PI_WEBAPI.Domain.Shared.RequestLogsMiddleware                     - └───────────────────────────────────────────────
[00:00:20 INF] Microsoft.AspNetCore.Routing.EndpointMiddleware                        - Executing endpoint 'SEM5_PI_WEBAPI.Controllers.VesselController.CreateAsync (SEM5-PI-WEBAPI)'
[00:00:20 INF] Microsoft.AspNetCore.Mvc.Infrastructure.ControllerActionInvoker        - Route matched with {action = "Create", controller = "Vessel"}. Executing controller action with signature System.Threading.Tasks.Task`1[Microsoft.AspNetCore.Mvc.ActionResult`1[SEM5_PI_WEBAPI.Domain.Vessels.VesselDto]] CreateAsync(SEM5_PI_WEBAPI.Domain.Vessels.CreatingVesselDto) on controller SEM5_PI_WEBAPI.Controllers.VesselController (SEM5-PI-WEBAPI).
[00:00:20 INF] Microsoft.AspNetCore.Mvc.Infrastructure.ControllerActionInvoker        - Executing action method SEM5_PI_WEBAPI.Controllers.VesselController.CreateAsync (SEM5-PI-WEBAPI) - Validation state: "Valid"
[00:00:20 INF] SEM5_PI_WEBAPI.Controllers.VesselController                            - API Request: Add Vessel with body = {"ImoNumber":"IMO 9319466","Name":"Ever Given","Owner":"Evergreen Marine","VesselTypeId":{"Value":"b928c0c9-90c8-4e41-9a6d-59ec1ffef048","$type":"VesselTypeId"},"$type":"CreatingVesselDto"}
[00:00:20 INF] SEM5_PI_WEBAPI.Domain.Vessels.VesselService                            - Business Domain: Request to add new Vessel with IMO Number = IMO 9319466
[00:00:20 INF] Microsoft.EntityFrameworkCore.Database.Command                         - Executed DbCommand (0ms) [Parameters=[@__imoNumber_Value_0='?' (Size = 7)], CommandType='"Text"', CommandTimeout='30']
SELECT "v"."Id", "v"."Name", "v"."Owner", "v"."VesselTypeId", "v"."ImoNumber"
FROM "Vessel" AS "v"
WHERE "v"."ImoNumber" = @__imoNumber_Value_0
LIMIT 1
[00:00:20 INF] Microsoft.EntityFrameworkCore.Database.Command                         - Executed DbCommand (0ms) [Parameters=[@__id_0='?' (Size = 36)], CommandType='"Text"', CommandTimeout='30']
SELECT "v"."Id", "v"."Capacity", "v"."Description", "v"."MaxBays", "v"."MaxRows", "v"."MaxTiers", "v"."Name"
FROM "VesselType" AS "v"
WHERE @__id_0 = "v"."Id"
LIMIT 1
[00:00:20 INF] Microsoft.EntityFrameworkCore.Database.Command                         - Executed DbCommand (1ms) [Parameters=[@p0='?' (Size = 36), @p1='?' (Size = 10), @p2='?' (Size = 16), @p3='?' (Size = 36), @p4='?' (Size = 7)], CommandType='"Text"', CommandTimeout='30']
INSERT INTO "Vessel" ("Id", "Name", "Owner", "VesselTypeId", "ImoNumber")
VALUES (@p0, @p1, @p2, @p3, @p4);
[00:00:20 INF] SEM5_PI_WEBAPI.Domain.Vessels.VesselService                            - Business Domain: Vessel Created Successfully with IMO Number [IMO 9319466] and System ID [SEM5_PI_WEBAPI.Domain.Vessels.VesselId].
[00:00:20 INF] SEM5_PI_WEBAPI.Controllers.VesselController                            - API Response (201): Vessel created with IMO Number [IMO 9319466] and System ID ["650114d6-3832-403e-aeed-fc8515e1ba13"].
[00:00:20 INF] Microsoft.AspNetCore.Mvc.Infrastructure.ControllerActionInvoker        - Executed action method SEM5_PI_WEBAPI.Controllers.VesselController.CreateAsync (SEM5-PI-WEBAPI), returned result Microsoft.AspNetCore.Mvc.CreatedAtActionResult in 8.6985ms.
[00:00:20 INF] Microsoft.AspNetCore.Mvc.Infrastructure.ObjectResultExecutor           - Executing CreatedAtActionResult, writing value of type 'SEM5_PI_WEBAPI.Domain.Vessels.VesselDto'.
[00:00:20 INF] Microsoft.AspNetCore.Mvc.Infrastructure.ControllerActionInvoker        - Executed action SEM5_PI_WEBAPI.Controllers.VesselController.CreateAsync (SEM5-PI-WEBAPI) in 11.66ms
[00:00:20 INF] Microsoft.AspNetCore.Routing.EndpointMiddleware                        - Executed endpoint 'SEM5_PI_WEBAPI.Controllers.VesselController.CreateAsync (SEM5-PI-WEBAPI)'
[00:00:20 INF] SEM5_PI_WEBAPI.Domain.Shared.RequestLogsMiddleware                     - ──────│ ✔ COMPLETED POST /api/Vessel with 201 in 12.875 ms
[00:00:20 INF] Microsoft.AspNetCore.Hosting.Diagnostics                               - Request finished HTTP/1.1 POST http://localhost:5008/api/Vessel - 201 188 application/json; charset=utf-8 13.6775ms
[00:00:22 INF] Microsoft.AspNetCore.Hosting.Diagnostics                               - Request starting HTTP/1.1 GET http://localhost:5008/api/Vessel/name/Ever Given - null null
[00:00:22 INF] SEM5_PI_WEBAPI.Domain.Shared.RequestLogsMiddleware                     - ┌───────────────────────────────────────────────
[00:00:22 INF] SEM5_PI_WEBAPI.Domain.Shared.RequestLogsMiddleware                     - │ HTTP GET /api/Vessel/name/Ever%20Given
[00:00:22 INF] SEM5_PI_WEBAPI.Domain.Shared.RequestLogsMiddleware                     - │ From IP: 127.0.0.1
[00:00:22 INF] SEM5_PI_WEBAPI.Domain.Shared.RequestLogsMiddleware                     - └───────────────────────────────────────────────
[00:00:22 INF] Microsoft.AspNetCore.Routing.EndpointMiddleware                        - Executing endpoint 'SEM5_PI_WEBAPI.Controllers.VesselController.GetByNameAsync (SEM5-PI-WEBAPI)'
[00:00:22 INF] Microsoft.AspNetCore.Mvc.Infrastructure.ControllerActionInvoker        - Route matched with {action = "GetByName", controller = "Vessel"}. Executing controller action with signature System.Threading.Tasks.Task`1[Microsoft.AspNetCore.Mvc.ActionResult`1[System.Collections.Generic.List`1[SEM5_PI_WEBAPI.Domain.Vessels.VesselDto]]] GetByNameAsync(System.String) on controller SEM5_PI_WEBAPI.Controllers.VesselController (SEM5-PI-WEBAPI).
[00:00:22 INF] Microsoft.AspNetCore.Mvc.Infrastructure.ControllerActionInvoker        - Executing action method SEM5_PI_WEBAPI.Controllers.VesselController.GetByNameAsync (SEM5-PI-WEBAPI) - Validation state: "Valid"
[00:00:22 INF] SEM5_PI_WEBAPI.Controllers.VesselController                            - API Request: Fetching Vessel with Name = Ever Given
[00:00:22 INF] SEM5_PI_WEBAPI.Domain.Vessels.VesselService                            - Business Domain: Request to fetch Vessel with Name = Ever Given
[00:00:22 INF] Microsoft.EntityFrameworkCore.Database.Command                         - Executed DbCommand (0ms) [Parameters=[@__ToLower_0='?' (Size = 10)], CommandType='"Text"', CommandTimeout='30']
SELECT "v"."Id", "v"."Name", "v"."Owner", "v"."VesselTypeId", "v"."ImoNumber"
FROM "Vessel" AS "v"
WHERE lower(trim("v"."Name")) = @__ToLower_0
[00:00:22 INF] SEM5_PI_WEBAPI.Domain.Vessels.VesselService                            - Business Domain: Vessel with Name = Ever Given found successfully.
[00:00:22 WRN] SEM5_PI_WEBAPI.Controllers.VesselController                            - API Response (200): Vessel with IMO Number = Ever Given -> FOUND
[00:00:22 INF] Microsoft.AspNetCore.Mvc.Infrastructure.ControllerActionInvoker        - Executed action method SEM5_PI_WEBAPI.Controllers.VesselController.GetByNameAsync (SEM5-PI-WEBAPI), returned result Microsoft.AspNetCore.Mvc.OkObjectResult in 1.6079ms.
[00:00:22 INF] Microsoft.AspNetCore.Mvc.Infrastructure.ObjectResultExecutor           - Executing OkObjectResult, writing value of type 'System.Collections.Generic.List`1[[SEM5_PI_WEBAPI.Domain.Vessels.VesselDto, SEM5-PI-WEBAPI, Version=1.0.0.0, Culture=neutral, PublicKeyToken=null]]'.
[00:00:22 INF] Microsoft.AspNetCore.Mvc.Infrastructure.ControllerActionInvoker        - Executed action SEM5_PI_WEBAPI.Controllers.VesselController.GetByNameAsync (SEM5-PI-WEBAPI) in 2.8023ms
[00:00:22 INF] Microsoft.AspNetCore.Routing.EndpointMiddleware                        - Executed endpoint 'SEM5_PI_WEBAPI.Controllers.VesselController.GetByNameAsync (SEM5-PI-WEBAPI)'
[00:00:22 INF] SEM5_PI_WEBAPI.Domain.Shared.RequestLogsMiddleware                     - ──────│ ✔ COMPLETED GET /api/Vessel/name/Ever%20Given with 200 in 3.536 ms
[00:00:22 INF] Microsoft.AspNetCore.Hosting.Diagnostics                               - Request finished HTTP/1.1 GET http://localhost:5008/api/Vessel/name/Ever Given - 200 190 application/json; charset=utf-8 4.188ms
[00:00:27 INF] Microsoft.AspNetCore.Hosting.Diagnostics                               - Request starting HTTP/1.1 GET http://localhost:5008/api/Vessel/imo/imo 9706906 - null null
[00:00:27 INF] SEM5_PI_WEBAPI.Domain.Shared.RequestLogsMiddleware                     - ┌───────────────────────────────────────────────
[00:00:27 INF] SEM5_PI_WEBAPI.Domain.Shared.RequestLogsMiddleware                     - │ HTTP GET /api/Vessel/imo/imo%209706906
[00:00:27 INF] SEM5_PI_WEBAPI.Domain.Shared.RequestLogsMiddleware                     - │ From IP: 127.0.0.1
[00:00:27 INF] SEM5_PI_WEBAPI.Domain.Shared.RequestLogsMiddleware                     - └───────────────────────────────────────────────
[00:00:27 INF] Microsoft.AspNetCore.Routing.EndpointMiddleware                        - Executing endpoint 'SEM5_PI_WEBAPI.Controllers.VesselController.GetByImoAsync (SEM5-PI-WEBAPI)'
[00:00:27 INF] Microsoft.AspNetCore.Mvc.Infrastructure.ControllerActionInvoker        - Route matched with {action = "GetByImo", controller = "Vessel"}. Executing controller action with signature System.Threading.Tasks.Task`1[Microsoft.AspNetCore.Mvc.ActionResult`1[SEM5_PI_WEBAPI.Domain.Vessels.VesselDto]] GetByImoAsync(System.String) on controller SEM5_PI_WEBAPI.Controllers.VesselController (SEM5-PI-WEBAPI).
[00:00:27 INF] Microsoft.AspNetCore.Mvc.Infrastructure.ControllerActionInvoker        - Executing action method SEM5_PI_WEBAPI.Controllers.VesselController.GetByImoAsync (SEM5-PI-WEBAPI) - Validation state: "Valid"
[00:00:27 INF] SEM5_PI_WEBAPI.Controllers.VesselController                            - API Request: Fetching Vessel with IMO Number = imo 9706906
[00:00:27 INF] SEM5_PI_WEBAPI.Domain.Vessels.VesselService                            - Business Domain: Request to fetch Vessel with IMO Number = 9706906
[00:00:27 INF] Microsoft.EntityFrameworkCore.Database.Command                         - Executed DbCommand (0ms) [Parameters=[@__imoNumber_Value_0='?' (Size = 7)], CommandType='"Text"', CommandTimeout='30']
SELECT "v"."Id", "v"."Name", "v"."Owner", "v"."VesselTypeId", "v"."ImoNumber"
FROM "Vessel" AS "v"
WHERE "v"."ImoNumber" = @__imoNumber_Value_0
LIMIT 1
[00:00:27 WRN] SEM5_PI_WEBAPI.Controllers.VesselController                            - API Error (404): No Vessel Found with IMO Number : 9706906
[00:00:27 INF] Microsoft.AspNetCore.Mvc.Infrastructure.ControllerActionInvoker        - Executed action method SEM5_PI_WEBAPI.Controllers.VesselController.GetByImoAsync (SEM5-PI-WEBAPI), returned result Microsoft.AspNetCore.Mvc.NotFoundObjectResult in 1.65ms.
[00:00:27 INF] Microsoft.AspNetCore.Mvc.Infrastructure.ObjectResultExecutor           - Executing NotFoundObjectResult, writing value of type 'System.String'.
[00:00:27 INF] Microsoft.AspNetCore.Mvc.Infrastructure.ControllerActionInvoker        - Executed action SEM5_PI_WEBAPI.Controllers.VesselController.GetByImoAsync (SEM5-PI-WEBAPI) in 2.8332ms
[00:00:27 INF] Microsoft.AspNetCore.Routing.EndpointMiddleware                        - Executed endpoint 'SEM5_PI_WEBAPI.Controllers.VesselController.GetByImoAsync (SEM5-PI-WEBAPI)'
[00:00:27 INF] SEM5_PI_WEBAPI.Domain.Shared.RequestLogsMiddleware                     - ──────│ ✔ COMPLETED GET /api/Vessel/imo/imo%209706906 with 404 in 3.36 ms
[00:00:27 INF] Microsoft.AspNetCore.Hosting.Diagnostics                               - Request finished HTTP/1.1 GET http://localhost:5008/api/Vessel/imo/imo 9706906 - 404 43 application/json; charset=utf-8 4.1045ms
[00:00:43 INF] Microsoft.AspNetCore.Hosting.Diagnostics                               - Request starting HTTP/1.1 POST http://localhost:5008/api/Vessel - application/json 133
[00:00:43 INF] SEM5_PI_WEBAPI.Domain.Shared.RequestLogsMiddleware                     - ┌───────────────────────────────────────────────
[00:00:43 INF] SEM5_PI_WEBAPI.Domain.Shared.RequestLogsMiddleware                     - │ HTTP POST /api/Vessel
[00:00:43 INF] SEM5_PI_WEBAPI.Domain.Shared.RequestLogsMiddleware                     - │ From IP: 127.0.0.1
[00:00:43 INF] SEM5_PI_WEBAPI.Domain.Shared.RequestLogsMiddleware                     - └───────────────────────────────────────────────
[00:00:43 INF] Microsoft.AspNetCore.Routing.EndpointMiddleware                        - Executing endpoint 'SEM5_PI_WEBAPI.Controllers.VesselController.CreateAsync (SEM5-PI-WEBAPI)'
[00:00:43 INF] Microsoft.AspNetCore.Mvc.Infrastructure.ControllerActionInvoker        - Route matched with {action = "Create", controller = "Vessel"}. Executing controller action with signature System.Threading.Tasks.Task`1[Microsoft.AspNetCore.Mvc.ActionResult`1[SEM5_PI_WEBAPI.Domain.Vessels.VesselDto]] CreateAsync(SEM5_PI_WEBAPI.Domain.Vessels.CreatingVesselDto) on controller SEM5_PI_WEBAPI.Controllers.VesselController (SEM5-PI-WEBAPI).
[00:00:43 INF] Microsoft.AspNetCore.Mvc.Infrastructure.ControllerActionInvoker        - Executing action method SEM5_PI_WEBAPI.Controllers.VesselController.CreateAsync (SEM5-PI-WEBAPI) - Validation state: "Valid"
[00:00:43 INF] SEM5_PI_WEBAPI.Controllers.VesselController                            - API Request: Add Vessel with body = {"ImoNumber":"IMO 9706901","Name":"MSC Gulsun","Owner":"OOCL","VesselTypeId":{"Value":"c7798221-c758-47fd-a343-21d49b78c806","$type":"VesselTypeId"},"$type":"CreatingVesselDto"}
[00:00:43 INF] SEM5_PI_WEBAPI.Domain.Vessels.VesselService                            - Business Domain: Request to add new Vessel with IMO Number = IMO 9706901
[00:00:43 WRN] SEM5_PI_WEBAPI.Controllers.VesselController                            - API Error (404): Invalid IMO Number: Check Digit doesn't match -> Maybe [6].
[00:00:43 INF] Microsoft.AspNetCore.Mvc.Infrastructure.ControllerActionInvoker        - Executed action method SEM5_PI_WEBAPI.Controllers.VesselController.CreateAsync (SEM5-PI-WEBAPI), returned result Microsoft.AspNetCore.Mvc.BadRequestObjectResult in 0.3695ms.
[00:00:43 INF] Microsoft.AspNetCore.Mvc.Infrastructure.ObjectResultExecutor           - Executing BadRequestObjectResult, writing value of type 'System.String'.
[00:00:43 INF] Microsoft.AspNetCore.Mvc.Infrastructure.ControllerActionInvoker        - Executed action SEM5_PI_WEBAPI.Controllers.VesselController.CreateAsync (SEM5-PI-WEBAPI) in 1.6473ms
[00:00:43 INF] Microsoft.AspNetCore.Routing.EndpointMiddleware                        - Executed endpoint 'SEM5_PI_WEBAPI.Controllers.VesselController.CreateAsync (SEM5-PI-WEBAPI)'
[00:00:43 INF] SEM5_PI_WEBAPI.Domain.Shared.RequestLogsMiddleware                     - ──────│ ✔ COMPLETED POST /api/Vessel with 400 in 2.226 ms
[00:00:43 INF] Microsoft.AspNetCore.Hosting.Diagnostics                               - Request finished HTTP/1.1 POST http://localhost:5008/api/Vessel - 400 61 application/json; charset=utf-8 2.9373ms
[00:00:49 INF] Microsoft.AspNetCore.Hosting.Diagnostics                               - Request starting HTTP/1.1 POST http://localhost:5008/api/Vessel - application/json 133
[00:00:49 INF] SEM5_PI_WEBAPI.Domain.Shared.RequestLogsMiddleware                     - ┌───────────────────────────────────────────────
[00:00:49 INF] SEM5_PI_WEBAPI.Domain.Shared.RequestLogsMiddleware                     - │ HTTP POST /api/Vessel
[00:00:49 INF] SEM5_PI_WEBAPI.Domain.Shared.RequestLogsMiddleware                     - │ From IP: 127.0.0.1
[00:00:49 INF] SEM5_PI_WEBAPI.Domain.Shared.RequestLogsMiddleware                     - └───────────────────────────────────────────────
[00:00:49 INF] Microsoft.AspNetCore.Routing.EndpointMiddleware                        - Executing endpoint 'SEM5_PI_WEBAPI.Controllers.VesselController.CreateAsync (SEM5-PI-WEBAPI)'
[00:00:49 INF] Microsoft.AspNetCore.Mvc.Infrastructure.ControllerActionInvoker        - Route matched with {action = "Create", controller = "Vessel"}. Executing controller action with signature System.Threading.Tasks.Task`1[Microsoft.AspNetCore.Mvc.ActionResult`1[SEM5_PI_WEBAPI.Domain.Vessels.VesselDto]] CreateAsync(SEM5_PI_WEBAPI.Domain.Vessels.CreatingVesselDto) on controller SEM5_PI_WEBAPI.Controllers.VesselController (SEM5-PI-WEBAPI).
[00:00:49 INF] Microsoft.AspNetCore.Mvc.Infrastructure.ControllerActionInvoker        - Executing action method SEM5_PI_WEBAPI.Controllers.VesselController.CreateAsync (SEM5-PI-WEBAPI) - Validation state: "Valid"
[00:00:49 INF] SEM5_PI_WEBAPI.Controllers.VesselController                            - API Request: Add Vessel with body = {"ImoNumber":"IMO 9706906","Name":"MSC Gulsun","Owner":"OOCL","VesselTypeId":{"Value":"c7798221-c758-47fd-a343-21d49b78c806","$type":"VesselTypeId"},"$type":"CreatingVesselDto"}
[00:00:49 INF] SEM5_PI_WEBAPI.Domain.Vessels.VesselService                            - Business Domain: Request to add new Vessel with IMO Number = IMO 9706906
[00:00:49 INF] Microsoft.EntityFrameworkCore.Database.Command                         - Executed DbCommand (0ms) [Parameters=[@__imoNumber_Value_0='?' (Size = 7)], CommandType='"Text"', CommandTimeout='30']
SELECT "v"."Id", "v"."Name", "v"."Owner", "v"."VesselTypeId", "v"."ImoNumber"
FROM "Vessel" AS "v"
WHERE "v"."ImoNumber" = @__imoNumber_Value_0
LIMIT 1
[00:00:49 INF] Microsoft.EntityFrameworkCore.Database.Command                         - Executed DbCommand (0ms) [Parameters=[@__id_0='?' (Size = 36)], CommandType='"Text"', CommandTimeout='30']
SELECT "v"."Id", "v"."Capacity", "v"."Description", "v"."MaxBays", "v"."MaxRows", "v"."MaxTiers", "v"."Name"
FROM "VesselType" AS "v"
WHERE @__id_0 = "v"."Id"
LIMIT 1
[00:00:49 WRN] SEM5_PI_WEBAPI.Controllers.VesselController                            - API Error (404): Vessel Type with ID 'c7798221-c758-47fd-a343-21d49b78c806' doesn't exists on DB.
[00:00:49 INF] Microsoft.AspNetCore.Mvc.Infrastructure.ControllerActionInvoker        - Executed action method SEM5_PI_WEBAPI.Controllers.VesselController.CreateAsync (SEM5-PI-WEBAPI), returned result Microsoft.AspNetCore.Mvc.BadRequestObjectResult in 2.76ms.
[00:00:49 INF] Microsoft.AspNetCore.Mvc.Infrastructure.ObjectResultExecutor           - Executing BadRequestObjectResult, writing value of type 'System.String'.
[00:00:49 INF] Microsoft.AspNetCore.Mvc.Infrastructure.ControllerActionInvoker        - Executed action SEM5_PI_WEBAPI.Controllers.VesselController.CreateAsync (SEM5-PI-WEBAPI) in 4.0757ms
[00:00:49 INF] Microsoft.AspNetCore.Routing.EndpointMiddleware                        - Executed endpoint 'SEM5_PI_WEBAPI.Controllers.VesselController.CreateAsync (SEM5-PI-WEBAPI)'
[00:00:49 INF] SEM5_PI_WEBAPI.Domain.Shared.RequestLogsMiddleware                     - ──────│ ✔ COMPLETED POST /api/Vessel with 400 in 4.55 ms
[00:00:49 INF] Microsoft.AspNetCore.Hosting.Diagnostics                               - Request finished HTTP/1.1 POST http://localhost:5008/api/Vessel - 400 82 application/json; charset=utf-8 5.072ms
[00:01:03 INF] Microsoft.AspNetCore.Hosting.Diagnostics                               - Request starting HTTP/1.1 POST http://localhost:5008/api/Vessel - application/json 133
[00:01:03 INF] SEM5_PI_WEBAPI.Domain.Shared.RequestLogsMiddleware                     - ┌───────────────────────────────────────────────
[00:01:03 INF] SEM5_PI_WEBAPI.Domain.Shared.RequestLogsMiddleware                     - │ HTTP POST /api/Vessel
[00:01:03 INF] SEM5_PI_WEBAPI.Domain.Shared.RequestLogsMiddleware                     - │ From IP: 127.0.0.1
[00:01:03 INF] SEM5_PI_WEBAPI.Domain.Shared.RequestLogsMiddleware                     - └───────────────────────────────────────────────
[00:01:03 INF] Microsoft.AspNetCore.Routing.EndpointMiddleware                        - Executing endpoint 'SEM5_PI_WEBAPI.Controllers.VesselController.CreateAsync (SEM5-PI-WEBAPI)'
[00:01:03 INF] Microsoft.AspNetCore.Mvc.Infrastructure.ControllerActionInvoker        - Route matched with {action = "Create", controller = "Vessel"}. Executing controller action with signature System.Threading.Tasks.Task`1[Microsoft.AspNetCore.Mvc.ActionResult`1[SEM5_PI_WEBAPI.Domain.Vessels.VesselDto]] CreateAsync(SEM5_PI_WEBAPI.Domain.Vessels.CreatingVesselDto) on controller SEM5_PI_WEBAPI.Controllers.VesselController (SEM5-PI-WEBAPI).
[00:01:03 INF] Microsoft.AspNetCore.Mvc.Infrastructure.ControllerActionInvoker        - Executing action method SEM5_PI_WEBAPI.Controllers.VesselController.CreateAsync (SEM5-PI-WEBAPI) - Validation state: "Valid"
[00:01:03 INF] SEM5_PI_WEBAPI.Controllers.VesselController                            - API Request: Add Vessel with body = {"ImoNumber":"IMO 9706906","Name":"MSC Gulsun","Owner":"OOCL","VesselTypeId":{"Value":"b928c0c9-90c8-4e41-9a6d-59ec1ffef048","$type":"VesselTypeId"},"$type":"CreatingVesselDto"}
[00:01:03 INF] SEM5_PI_WEBAPI.Domain.Vessels.VesselService                            - Business Domain: Request to add new Vessel with IMO Number = IMO 9706906
[00:01:03 INF] Microsoft.EntityFrameworkCore.Database.Command                         - Executed DbCommand (0ms) [Parameters=[@__imoNumber_Value_0='?' (Size = 7)], CommandType='"Text"', CommandTimeout='30']
SELECT "v"."Id", "v"."Name", "v"."Owner", "v"."VesselTypeId", "v"."ImoNumber"
FROM "Vessel" AS "v"
WHERE "v"."ImoNumber" = @__imoNumber_Value_0
LIMIT 1
[00:01:03 INF] Microsoft.EntityFrameworkCore.Database.Command                         - Executed DbCommand (0ms) [Parameters=[@__id_0='?' (Size = 36)], CommandType='"Text"', CommandTimeout='30']
SELECT "v"."Id", "v"."Capacity", "v"."Description", "v"."MaxBays", "v"."MaxRows", "v"."MaxTiers", "v"."Name"
FROM "VesselType" AS "v"
WHERE @__id_0 = "v"."Id"
LIMIT 1
[00:01:03 WRN] SEM5_PI_WEBAPI.Controllers.VesselController                            - API Error (404): Owner Name must be greater than or equal to 5 caracters.
[00:01:03 INF] Microsoft.AspNetCore.Mvc.Infrastructure.ControllerActionInvoker        - Executed action method SEM5_PI_WEBAPI.Controllers.VesselController.CreateAsync (SEM5-PI-WEBAPI), returned result Microsoft.AspNetCore.Mvc.BadRequestObjectResult in 4.6757ms.
[00:01:03 INF] Microsoft.AspNetCore.Mvc.Infrastructure.ObjectResultExecutor           - Executing BadRequestObjectResult, writing value of type 'System.String'.
[00:01:03 INF] Microsoft.AspNetCore.Mvc.Infrastructure.ControllerActionInvoker        - Executed action SEM5_PI_WEBAPI.Controllers.VesselController.CreateAsync (SEM5-PI-WEBAPI) in 6.7272ms
[00:01:03 INF] Microsoft.AspNetCore.Routing.EndpointMiddleware                        - Executed endpoint 'SEM5_PI_WEBAPI.Controllers.VesselController.CreateAsync (SEM5-PI-WEBAPI)'
[00:01:03 INF] SEM5_PI_WEBAPI.Domain.Shared.RequestLogsMiddleware                     - ──────│ ✔ COMPLETED POST /api/Vessel with 400 in 7.225 ms
[00:01:03 INF] Microsoft.AspNetCore.Hosting.Diagnostics                               - Request finished HTTP/1.1 POST http://localhost:5008/api/Vessel - 400 58 application/json; charset=utf-8 7.9735ms
[00:01:15 INF] Microsoft.AspNetCore.Hosting.Diagnostics                               - Request starting HTTP/1.1 POST http://localhost:5008/api/Vessel - application/json 134
[00:01:15 INF] SEM5_PI_WEBAPI.Domain.Shared.RequestLogsMiddleware                     - ┌───────────────────────────────────────────────
[00:01:15 INF] SEM5_PI_WEBAPI.Domain.Shared.RequestLogsMiddleware                     - │ HTTP POST /api/Vessel
[00:01:15 INF] SEM5_PI_WEBAPI.Domain.Shared.RequestLogsMiddleware                     - │ From IP: 127.0.0.1
[00:01:15 INF] SEM5_PI_WEBAPI.Domain.Shared.RequestLogsMiddleware                     - └───────────────────────────────────────────────
[00:01:15 INF] Microsoft.AspNetCore.Routing.EndpointMiddleware                        - Executing endpoint 'SEM5_PI_WEBAPI.Controllers.VesselController.CreateAsync (SEM5-PI-WEBAPI)'
[00:01:15 INF] Microsoft.AspNetCore.Mvc.Infrastructure.ControllerActionInvoker        - Route matched with {action = "Create", controller = "Vessel"}. Executing controller action with signature System.Threading.Tasks.Task`1[Microsoft.AspNetCore.Mvc.ActionResult`1[SEM5_PI_WEBAPI.Domain.Vessels.VesselDto]] CreateAsync(SEM5_PI_WEBAPI.Domain.Vessels.CreatingVesselDto) on controller SEM5_PI_WEBAPI.Controllers.VesselController (SEM5-PI-WEBAPI).
[00:01:15 INF] Microsoft.AspNetCore.Mvc.Infrastructure.ControllerActionInvoker        - Executing action method SEM5_PI_WEBAPI.Controllers.VesselController.CreateAsync (SEM5-PI-WEBAPI) - Validation state: "Valid"
[00:01:15 INF] SEM5_PI_WEBAPI.Controllers.VesselController                            - API Request: Add Vessel with body = {"ImoNumber":"IMO 9706906","Name":"MSC Gulsun","Owner":"OOCLL","VesselTypeId":{"Value":"b928c0c9-90c8-4e41-9a6d-59ec1ffef048","$type":"VesselTypeId"},"$type":"CreatingVesselDto"}
[00:01:15 INF] SEM5_PI_WEBAPI.Domain.Vessels.VesselService                            - Business Domain: Request to add new Vessel with IMO Number = IMO 9706906
[00:01:15 INF] Microsoft.EntityFrameworkCore.Database.Command                         - Executed DbCommand (0ms) [Parameters=[@__imoNumber_Value_0='?' (Size = 7)], CommandType='"Text"', CommandTimeout='30']
SELECT "v"."Id", "v"."Name", "v"."Owner", "v"."VesselTypeId", "v"."ImoNumber"
FROM "Vessel" AS "v"
WHERE "v"."ImoNumber" = @__imoNumber_Value_0
LIMIT 1
[00:01:15 INF] Microsoft.EntityFrameworkCore.Database.Command                         - Executed DbCommand (0ms) [Parameters=[@__id_0='?' (Size = 36)], CommandType='"Text"', CommandTimeout='30']
SELECT "v"."Id", "v"."Capacity", "v"."Description", "v"."MaxBays", "v"."MaxRows", "v"."MaxTiers", "v"."Name"
FROM "VesselType" AS "v"
WHERE @__id_0 = "v"."Id"
LIMIT 1
[00:01:15 INF] Microsoft.EntityFrameworkCore.Database.Command                         - Executed DbCommand (0ms) [Parameters=[@p0='?' (Size = 36), @p1='?' (Size = 10), @p2='?' (Size = 5), @p3='?' (Size = 36), @p4='?' (Size = 7)], CommandType='"Text"', CommandTimeout='30']
INSERT INTO "Vessel" ("Id", "Name", "Owner", "VesselTypeId", "ImoNumber")
VALUES (@p0, @p1, @p2, @p3, @p4);
[00:01:15 INF] SEM5_PI_WEBAPI.Domain.Vessels.VesselService                            - Business Domain: Vessel Created Successfully with IMO Number [IMO 9706906] and System ID [SEM5_PI_WEBAPI.Domain.Vessels.VesselId].
[00:01:15 INF] SEM5_PI_WEBAPI.Controllers.VesselController                            - API Response (201): Vessel created with IMO Number [IMO 9706906] and System ID ["09cf3849-03e7-4de3-8ef9-95353640a4bf"].
[00:01:15 INF] Microsoft.AspNetCore.Mvc.Infrastructure.ControllerActionInvoker        - Executed action method SEM5_PI_WEBAPI.Controllers.VesselController.CreateAsync (SEM5-PI-WEBAPI), returned result Microsoft.AspNetCore.Mvc.CreatedAtActionResult in 3.8446ms.
[00:01:15 INF] Microsoft.AspNetCore.Mvc.Infrastructure.ObjectResultExecutor           - Executing CreatedAtActionResult, writing value of type 'SEM5_PI_WEBAPI.Domain.Vessels.VesselDto'.
[00:01:15 INF] Microsoft.AspNetCore.Mvc.Infrastructure.ControllerActionInvoker        - Executed action SEM5_PI_WEBAPI.Controllers.VesselController.CreateAsync (SEM5-PI-WEBAPI) in 5.4535ms
[00:01:15 INF] Microsoft.AspNetCore.Routing.EndpointMiddleware                        - Executed endpoint 'SEM5_PI_WEBAPI.Controllers.VesselController.CreateAsync (SEM5-PI-WEBAPI)'
[00:01:15 INF] SEM5_PI_WEBAPI.Domain.Shared.RequestLogsMiddleware                     - ──────│ ✔ COMPLETED POST /api/Vessel with 201 in 5.812 ms
[00:01:15 INF] Microsoft.AspNetCore.Hosting.Diagnostics                               - Request finished HTTP/1.1 POST http://localhost:5008/api/Vessel - 201 177 application/json; charset=utf-8 6.4441ms
[00:01:44 INF] Microsoft.AspNetCore.Hosting.Diagnostics                               - Request starting HTTP/1.1 GET http://localhost:5008/api/Vessel/name/MSC Gulsun - null null
[00:01:44 INF] SEM5_PI_WEBAPI.Domain.Shared.RequestLogsMiddleware                     - ┌───────────────────────────────────────────────
[00:01:44 INF] SEM5_PI_WEBAPI.Domain.Shared.RequestLogsMiddleware                     - │ HTTP GET /api/Vessel/name/MSC%20Gulsun
[00:01:44 INF] SEM5_PI_WEBAPI.Domain.Shared.RequestLogsMiddleware                     - │ From IP: 127.0.0.1
[00:01:44 INF] SEM5_PI_WEBAPI.Domain.Shared.RequestLogsMiddleware                     - └───────────────────────────────────────────────
[00:01:44 INF] Microsoft.AspNetCore.Routing.EndpointMiddleware                        - Executing endpoint 'SEM5_PI_WEBAPI.Controllers.VesselController.GetByNameAsync (SEM5-PI-WEBAPI)'
[00:01:44 INF] Microsoft.AspNetCore.Mvc.Infrastructure.ControllerActionInvoker        - Route matched with {action = "GetByName", controller = "Vessel"}. Executing controller action with signature System.Threading.Tasks.Task`1[Microsoft.AspNetCore.Mvc.ActionResult`1[System.Collections.Generic.List`1[SEM5_PI_WEBAPI.Domain.Vessels.VesselDto]]] GetByNameAsync(System.String) on controller SEM5_PI_WEBAPI.Controllers.VesselController (SEM5-PI-WEBAPI).
[00:01:44 INF] Microsoft.AspNetCore.Mvc.Infrastructure.ControllerActionInvoker        - Executing action method SEM5_PI_WEBAPI.Controllers.VesselController.GetByNameAsync (SEM5-PI-WEBAPI) - Validation state: "Valid"
[00:01:44 INF] SEM5_PI_WEBAPI.Controllers.VesselController                            - API Request: Fetching Vessel with Name = MSC Gulsun
[00:01:44 INF] SEM5_PI_WEBAPI.Domain.Vessels.VesselService                            - Business Domain: Request to fetch Vessel with Name = MSC Gulsun
[00:01:44 INF] Microsoft.EntityFrameworkCore.Database.Command                         - Executed DbCommand (0ms) [Parameters=[@__ToLower_0='?' (Size = 10)], CommandType='"Text"', CommandTimeout='30']
SELECT "v"."Id", "v"."Name", "v"."Owner", "v"."VesselTypeId", "v"."ImoNumber"
FROM "Vessel" AS "v"
WHERE lower(trim("v"."Name")) = @__ToLower_0
[00:01:44 INF] SEM5_PI_WEBAPI.Domain.Vessels.VesselService                            - Business Domain: Vessel with Name = MSC Gulsun found successfully.
[00:01:44 WRN] SEM5_PI_WEBAPI.Controllers.VesselController                            - API Response (200): Vessel with IMO Number = MSC Gulsun -> FOUND
[00:01:44 INF] Microsoft.AspNetCore.Mvc.Infrastructure.ControllerActionInvoker        - Executed action method SEM5_PI_WEBAPI.Controllers.VesselController.GetByNameAsync (SEM5-PI-WEBAPI), returned result Microsoft.AspNetCore.Mvc.OkObjectResult in 2.0642ms.
[00:01:44 INF] Microsoft.AspNetCore.Mvc.Infrastructure.ObjectResultExecutor           - Executing OkObjectResult, writing value of type 'System.Collections.Generic.List`1[[SEM5_PI_WEBAPI.Domain.Vessels.VesselDto, SEM5-PI-WEBAPI, Version=1.0.0.0, Culture=neutral, PublicKeyToken=null]]'.
[00:01:44 INF] Microsoft.AspNetCore.Mvc.Infrastructure.ControllerActionInvoker        - Executed action SEM5_PI_WEBAPI.Controllers.VesselController.GetByNameAsync (SEM5-PI-WEBAPI) in 3.0158ms
[00:01:44 INF] Microsoft.AspNetCore.Routing.EndpointMiddleware                        - Executed endpoint 'SEM5_PI_WEBAPI.Controllers.VesselController.GetByNameAsync (SEM5-PI-WEBAPI)'
[00:01:44 INF] SEM5_PI_WEBAPI.Domain.Shared.RequestLogsMiddleware                     - ──────│ ✔ COMPLETED GET /api/Vessel/name/MSC%20Gulsun with 200 in 3.404 ms
[00:01:44 INF] Microsoft.AspNetCore.Hosting.Diagnostics                               - Request finished HTTP/1.1 GET http://localhost:5008/api/Vessel/name/MSC Gulsun - 200 382 application/json; charset=utf-8 4.0312ms
[00:02:17 INF] Microsoft.AspNetCore.Hosting.Diagnostics                               - Request starting HTTP/1.1 GET http://localhost:5008/api/Vessel - null null
[00:02:17 INF] SEM5_PI_WEBAPI.Domain.Shared.RequestLogsMiddleware                     - ┌───────────────────────────────────────────────
[00:02:17 INF] SEM5_PI_WEBAPI.Domain.Shared.RequestLogsMiddleware                     - │ HTTP GET /api/Vessel
[00:02:17 INF] SEM5_PI_WEBAPI.Domain.Shared.RequestLogsMiddleware                     - │ From IP: 127.0.0.1
[00:02:17 INF] SEM5_PI_WEBAPI.Domain.Shared.RequestLogsMiddleware                     - └───────────────────────────────────────────────
[00:02:17 INF] Microsoft.AspNetCore.Routing.EndpointMiddleware                        - Executing endpoint 'SEM5_PI_WEBAPI.Controllers.VesselController.GetAllAsync (SEM5-PI-WEBAPI)'
[00:02:17 INF] Microsoft.AspNetCore.Mvc.Infrastructure.ControllerActionInvoker        - Route matched with {action = "GetAll", controller = "Vessel"}. Executing controller action with signature System.Threading.Tasks.Task`1[Microsoft.AspNetCore.Mvc.ActionResult`1[System.Collections.Generic.List`1[SEM5_PI_WEBAPI.Domain.Vessels.VesselDto]]] GetAllAsync() on controller SEM5_PI_WEBAPI.Controllers.VesselController (SEM5-PI-WEBAPI).
[00:02:17 INF] Microsoft.AspNetCore.Mvc.Infrastructure.ControllerActionInvoker        - Executing action method SEM5_PI_WEBAPI.Controllers.VesselController.GetAllAsync (SEM5-PI-WEBAPI) - Validation state: "Valid"
[00:02:17 INF] SEM5_PI_WEBAPI.Controllers.VesselController                            - API Request: Get All Vessels on DataBase
[00:02:17 INF] SEM5_PI_WEBAPI.Domain.Vessels.VesselService                            - Business Domain: Request to fetch all Vessels.
[00:02:17 INF] Microsoft.EntityFrameworkCore.Database.Command                         - Executed DbCommand (0ms) [Parameters=[], CommandType='"Text"', CommandTimeout='30']
SELECT "v"."Id", "v"."Name", "v"."Owner", "v"."VesselTypeId", "v"."ImoNumber"
FROM "Vessel" AS "v"
[00:02:17 INF] SEM5_PI_WEBAPI.Domain.Vessels.VesselService                            - Business Domain: Found [3] Vessel in database.
[00:02:17 INF] SEM5_PI_WEBAPI.Domain.Vessels.VesselService                            - Business Domain: Returning [3] Vessels DTOs.
[00:02:17 WRN] SEM5_PI_WEBAPI.Controllers.VesselController                            - API Response (200): A total of 3 were found -> [{"Id":"020044c7-27f3-4cd9-9e96-7043bbe415b7","ImoNumber":{"Value":"9399014","$type":"ImoNumber"},"Name":"MSC Gulsun","Owner":"Mediterranean Shipping Company","VesselTypeId":{"Value":"b928c0c9-90c8-4e41-9a6d-59ec1ffef048","$type":"VesselTypeId"},"$type":"VesselDto"},{"Id":"650114d6-3832-403e-aeed-fc8515e1ba13","ImoNumber":{"Value":"9319466","$type":"ImoNumber"},"Name":"Ever Given","Owner":"Evergreen Marine","VesselTypeId":{"Value":"b928c0c9-90c8-4e41-9a6d-59ec1ffef048","$type":"VesselTypeId"},"$type":"VesselDto"},{"Id":"09cf3849-03e7-4de3-8ef9-95353640a4bf","ImoNumber":{"Value":"9706906","$type":"ImoNumber"},"Name":"MSC Gulsun","Owner":"OOCLL","VesselTypeId":{"Value":"b928c0c9-90c8-4e41-9a6d-59ec1ffef048","$type":"VesselTypeId"},"$type":"VesselDto"}]
[00:02:17 INF] Microsoft.AspNetCore.Mvc.Infrastructure.ControllerActionInvoker        - Executed action method SEM5_PI_WEBAPI.Controllers.VesselController.GetAllAsync (SEM5-PI-WEBAPI), returned result Microsoft.AspNetCore.Mvc.OkObjectResult in 3.3259ms.
[00:02:17 INF] Microsoft.AspNetCore.Mvc.Infrastructure.ObjectResultExecutor           - Executing OkObjectResult, writing value of type 'System.Collections.Generic.List`1[[SEM5_PI_WEBAPI.Domain.Vessels.VesselDto, SEM5-PI-WEBAPI, Version=1.0.0.0, Culture=neutral, PublicKeyToken=null]]'.
[00:02:17 INF] Microsoft.AspNetCore.Mvc.Infrastructure.ControllerActionInvoker        - Executed action SEM5_PI_WEBAPI.Controllers.VesselController.GetAllAsync (SEM5-PI-WEBAPI) in 4.1776ms
[00:02:17 INF] Microsoft.AspNetCore.Routing.EndpointMiddleware                        - Executed endpoint 'SEM5_PI_WEBAPI.Controllers.VesselController.GetAllAsync (SEM5-PI-WEBAPI)'
[00:02:17 INF] SEM5_PI_WEBAPI.Domain.Shared.RequestLogsMiddleware                     - ──────│ ✔ COMPLETED GET /api/Vessel with 200 in 4.576 ms
[00:02:17 INF] Microsoft.AspNetCore.Hosting.Diagnostics                               - Request finished HTTP/1.1 GET http://localhost:5008/api/Vessel - 200 571 application/json; charset=utf-8 5.2805ms
[00:03:41 INF] Microsoft.AspNetCore.Hosting.Diagnostics                               - Request starting HTTP/1.1 GET http://localhost:5008/api/Vessel/name/ - null null
[00:03:41 INF] SEM5_PI_WEBAPI.Domain.Shared.RequestLogsMiddleware                     - ┌───────────────────────────────────────────────
[00:03:41 INF] SEM5_PI_WEBAPI.Domain.Shared.RequestLogsMiddleware                     - │ HTTP GET /api/Vessel/name/
[00:03:41 INF] SEM5_PI_WEBAPI.Domain.Shared.RequestLogsMiddleware                     - │ From IP: 127.0.0.1
[00:03:41 INF] SEM5_PI_WEBAPI.Domain.Shared.RequestLogsMiddleware                     - └───────────────────────────────────────────────
[00:03:41 INF] SEM5_PI_WEBAPI.Domain.Shared.RequestLogsMiddleware                     - ──────│ ✔ COMPLETED GET /api/Vessel/name/ with 404 in 0.117 ms
[00:03:41 INF] Microsoft.AspNetCore.Hosting.Diagnostics                               - Request finished HTTP/1.1 GET http://localhost:5008/api/Vessel/name/ - 404 0 null 1.2441ms
[00:03:41 INF] Microsoft.AspNetCore.Hosting.Diagnostics                               - Request reached the end of the middleware pipeline without being handled by application code. Request path: GET http://localhost:5008/api/Vessel/name/, Response status code: 404
[00:03:55 INF] Microsoft.AspNetCore.Hosting.Diagnostics                               - Request starting HTTP/1.1 GET http://localhost:5008/api/Vessel/name/ - null null
[00:03:55 INF] SEM5_PI_WEBAPI.Domain.Shared.RequestLogsMiddleware                     - ┌───────────────────────────────────────────────
[00:03:55 INF] SEM5_PI_WEBAPI.Domain.Shared.RequestLogsMiddleware                     - │ HTTP GET /api/Vessel/name/
[00:03:55 INF] SEM5_PI_WEBAPI.Domain.Shared.RequestLogsMiddleware                     - │ From IP: 127.0.0.1
[00:03:55 INF] SEM5_PI_WEBAPI.Domain.Shared.RequestLogsMiddleware                     - └───────────────────────────────────────────────
[00:03:55 INF] SEM5_PI_WEBAPI.Domain.Shared.RequestLogsMiddleware                     - ──────│ ✔ COMPLETED GET /api/Vessel/name/ with 404 in 0.123 ms
[00:03:55 INF] Microsoft.AspNetCore.Hosting.Diagnostics                               - Request finished HTTP/1.1 GET http://localhost:5008/api/Vessel/name/ - 404 0 null 0.7581ms
[00:03:55 INF] Microsoft.AspNetCore.Hosting.Diagnostics                               - Request reached the end of the middleware pipeline without being handled by application code. Request path: GET http://localhost:5008/api/Vessel/name/, Response status code: 404
[00:04:59 INF] Microsoft.AspNetCore.Hosting.Diagnostics                               - Request starting HTTP/1.1 GET http://localhost:5008/api/Vessel/name/ - null null
[00:04:59 INF] SEM5_PI_WEBAPI.Domain.Shared.RequestLogsMiddleware                     - ┌───────────────────────────────────────────────
[00:04:59 INF] SEM5_PI_WEBAPI.Domain.Shared.RequestLogsMiddleware                     - │ HTTP GET /api/Vessel/name/
[00:04:59 INF] SEM5_PI_WEBAPI.Domain.Shared.RequestLogsMiddleware                     - │ From IP: 127.0.0.1
[00:04:59 INF] SEM5_PI_WEBAPI.Domain.Shared.RequestLogsMiddleware                     - └───────────────────────────────────────────────
[00:04:59 INF] SEM5_PI_WEBAPI.Domain.Shared.RequestLogsMiddleware                     - ──────│ ✔ COMPLETED GET /api/Vessel/name/ with 404 in 0.052 ms
[00:04:59 INF] Microsoft.AspNetCore.Hosting.Diagnostics                               - Request finished HTTP/1.1 GET http://localhost:5008/api/Vessel/name/ - 404 0 null 1.7595ms
[00:04:59 INF] Microsoft.AspNetCore.Hosting.Diagnostics                               - Request reached the end of the middleware pipeline without being handled by application code. Request path: GET http://localhost:5008/api/Vessel/name/, Response status code: 404
[00:05:44 INF] Microsoft.Hosting.Lifetime                                             - Application is shutting down...
[00:19:16 INF]  - Starting web host
[00:19:16 INF] Microsoft.Hosting.Lifetime                                             - Now listening on: http://localhost:5008
[00:19:16 INF] Microsoft.Hosting.Lifetime                                             - Application started. Press Ctrl+C to shut down.
[00:19:16 INF] Microsoft.Hosting.Lifetime                                             - Hosting environment: Development
[00:19:16 INF] Microsoft.Hosting.Lifetime                                             - Content root path: /Users/jorgerodriguez/Desktop/Universidade/3_ano/1_Semestre/LEI-SEM5-PI-2025-26-3DJ-03/SEM5-PI-WEBAPI
[00:19:19 INF] Microsoft.AspNetCore.Hosting.Diagnostics                               - Request starting HTTP/1.1 GET http://localhost:5008/api/Vessel/owner/Evergreen Marine - null null
[00:19:19 WRN] Microsoft.AspNetCore.HttpsPolicy.HttpsRedirectionMiddleware            - Failed to determine the https port for redirect.
[00:19:19 INF] SEM5_PI_WEBAPI.Domain.Shared.RequestLogsMiddleware                     - ┌───────────────────────────────────────────────
[00:19:19 INF] SEM5_PI_WEBAPI.Domain.Shared.RequestLogsMiddleware                     - │ HTTP GET /api/Vessel/owner/Evergreen%20Marine
[00:19:19 INF] SEM5_PI_WEBAPI.Domain.Shared.RequestLogsMiddleware                     - │ From IP: 127.0.0.1
[00:19:19 INF] SEM5_PI_WEBAPI.Domain.Shared.RequestLogsMiddleware                     - └───────────────────────────────────────────────
[00:19:19 INF] Microsoft.AspNetCore.Routing.EndpointMiddleware                        - Executing endpoint 'SEM5_PI_WEBAPI.Controllers.VesselController.GetByOwnerAsync (SEM5-PI-WEBAPI)'
[00:19:19 INF] Microsoft.AspNetCore.Mvc.Infrastructure.ControllerActionInvoker        - Route matched with {action = "GetByOwner", controller = "Vessel"}. Executing controller action with signature System.Threading.Tasks.Task`1[Microsoft.AspNetCore.Mvc.ActionResult`1[SEM5_PI_WEBAPI.Domain.Vessels.VesselDto]] GetByOwnerAsync(System.String) on controller SEM5_PI_WEBAPI.Controllers.VesselController (SEM5-PI-WEBAPI).
[00:19:20 INF] Microsoft.AspNetCore.Mvc.Infrastructure.ControllerActionInvoker        - Executing action method SEM5_PI_WEBAPI.Controllers.VesselController.GetByOwnerAsync (SEM5-PI-WEBAPI) - Validation state: "Valid"
[00:19:20 INF] SEM5_PI_WEBAPI.Controllers.VesselController                            - API Request: Fetching Vessel with Owner = Evergreen Marine
[00:19:20 INF] SEM5_PI_WEBAPI.Domain.Vessels.VesselService                            - Business Domain: Request to fetch Vessel with Owner = Evergreen Marine
[00:19:21 INF] Microsoft.EntityFrameworkCore.Database.Command                         - Executed DbCommand (16ms) [Parameters=[@__ToLower_0='?' (Size = 16)], CommandType='"Text"', CommandTimeout='30']
SELECT "v"."Id", "v"."Name", "v"."Owner", "v"."VesselTypeId", "v"."ImoNumber"
FROM "Vessel" AS "v"
WHERE lower(trim("v"."Owner")) = @__ToLower_0
[00:19:21 INF] SEM5_PI_WEBAPI.Domain.Vessels.VesselService                            - Business Domain: Vessel with Owner = Evergreen Marine found successfully.
[00:19:21 WRN] SEM5_PI_WEBAPI.Controllers.VesselController                            - API Response (200): Vessel with Owner = Evergreen Marine -> FOUND
[00:19:21 INF] Microsoft.AspNetCore.Mvc.Infrastructure.ControllerActionInvoker        - Executed action method SEM5_PI_WEBAPI.Controllers.VesselController.GetByOwnerAsync (SEM5-PI-WEBAPI), returned result Microsoft.AspNetCore.Mvc.OkObjectResult in 1394.3599ms.
[00:19:21 INF] Microsoft.AspNetCore.Mvc.Infrastructure.ObjectResultExecutor           - Executing OkObjectResult, writing value of type 'System.Collections.Generic.List`1[[SEM5_PI_WEBAPI.Domain.Vessels.VesselDto, SEM5-PI-WEBAPI, Version=1.0.0.0, Culture=neutral, PublicKeyToken=null]]'.
[00:19:21 INF] Microsoft.AspNetCore.Mvc.Infrastructure.ControllerActionInvoker        - Executed action SEM5_PI_WEBAPI.Controllers.VesselController.GetByOwnerAsync (SEM5-PI-WEBAPI) in 1603.3337ms
[00:19:21 INF] Microsoft.AspNetCore.Routing.EndpointMiddleware                        - Executed endpoint 'SEM5_PI_WEBAPI.Controllers.VesselController.GetByOwnerAsync (SEM5-PI-WEBAPI)'
[00:19:21 INF] SEM5_PI_WEBAPI.Domain.Shared.RequestLogsMiddleware                     - ──────│ ✔ COMPLETED GET /api/Vessel/owner/Evergreen%20Marine with 200 in 1627.703 ms
[00:19:21 INF] Microsoft.AspNetCore.Hosting.Diagnostics                               - Request finished HTTP/1.1 GET http://localhost:5008/api/Vessel/owner/Evergreen Marine - 200 190 application/json; charset=utf-8 1667.4055ms
[00:19:26 INF] Microsoft.AspNetCore.Hosting.Diagnostics                               - Request starting HTTP/1.1 GET http://localhost:5008/api/Vessel/owner/Evergreen Marinee - null null
[00:19:26 INF] SEM5_PI_WEBAPI.Domain.Shared.RequestLogsMiddleware                     - ┌───────────────────────────────────────────────
[00:19:26 INF] SEM5_PI_WEBAPI.Domain.Shared.RequestLogsMiddleware                     - │ HTTP GET /api/Vessel/owner/Evergreen%20Marinee
[00:19:26 INF] SEM5_PI_WEBAPI.Domain.Shared.RequestLogsMiddleware                     - │ From IP: 127.0.0.1
[00:19:26 INF] SEM5_PI_WEBAPI.Domain.Shared.RequestLogsMiddleware                     - └───────────────────────────────────────────────
[00:19:26 INF] Microsoft.AspNetCore.Routing.EndpointMiddleware                        - Executing endpoint 'SEM5_PI_WEBAPI.Controllers.VesselController.GetByOwnerAsync (SEM5-PI-WEBAPI)'
[00:19:26 INF] Microsoft.AspNetCore.Mvc.Infrastructure.ControllerActionInvoker        - Route matched with {action = "GetByOwner", controller = "Vessel"}. Executing controller action with signature System.Threading.Tasks.Task`1[Microsoft.AspNetCore.Mvc.ActionResult`1[SEM5_PI_WEBAPI.Domain.Vessels.VesselDto]] GetByOwnerAsync(System.String) on controller SEM5_PI_WEBAPI.Controllers.VesselController (SEM5-PI-WEBAPI).
[00:19:26 INF] Microsoft.AspNetCore.Mvc.Infrastructure.ControllerActionInvoker        - Executing action method SEM5_PI_WEBAPI.Controllers.VesselController.GetByOwnerAsync (SEM5-PI-WEBAPI) - Validation state: "Valid"
[00:19:26 INF] SEM5_PI_WEBAPI.Controllers.VesselController                            - API Request: Fetching Vessel with Owner = Evergreen Marinee
[00:19:26 INF] SEM5_PI_WEBAPI.Domain.Vessels.VesselService                            - Business Domain: Request to fetch Vessel with Owner = Evergreen Marinee
[00:19:26 INF] Microsoft.EntityFrameworkCore.Database.Command                         - Executed DbCommand (0ms) [Parameters=[@__ToLower_0='?' (Size = 17)], CommandType='"Text"', CommandTimeout='30']
SELECT "v"."Id", "v"."Name", "v"."Owner", "v"."VesselTypeId", "v"."ImoNumber"
FROM "Vessel" AS "v"
WHERE lower(trim("v"."Owner")) = @__ToLower_0
[00:19:26 WRN] SEM5_PI_WEBAPI.Controllers.VesselController                            - API Error (404): No Vessel/s were Found with Owner : Evergreen Marinee
[00:19:26 INF] Microsoft.AspNetCore.Mvc.Infrastructure.ControllerActionInvoker        - Executed action method SEM5_PI_WEBAPI.Controllers.VesselController.GetByOwnerAsync (SEM5-PI-WEBAPI), returned result Microsoft.AspNetCore.Mvc.NotFoundObjectResult in 15.9503ms.
[00:19:26 INF] Microsoft.AspNetCore.Mvc.Infrastructure.ObjectResultExecutor           - Executing NotFoundObjectResult, writing value of type 'System.String'.
[00:19:26 INF] Microsoft.AspNetCore.Mvc.Infrastructure.ControllerActionInvoker        - Executed action SEM5_PI_WEBAPI.Controllers.VesselController.GetByOwnerAsync (SEM5-PI-WEBAPI) in 20.54ms
[00:19:26 INF] Microsoft.AspNetCore.Routing.EndpointMiddleware                        - Executed endpoint 'SEM5_PI_WEBAPI.Controllers.VesselController.GetByOwnerAsync (SEM5-PI-WEBAPI)'
[00:19:26 INF] SEM5_PI_WEBAPI.Domain.Shared.RequestLogsMiddleware                     - ──────│ ✔ COMPLETED GET /api/Vessel/owner/Evergreen%20Marinee with 404 in 21.368 ms
[00:19:26 INF] Microsoft.AspNetCore.Hosting.Diagnostics                               - Request finished HTTP/1.1 GET http://localhost:5008/api/Vessel/owner/Evergreen Marinee - 404 55 application/json; charset=utf-8 25.543ms
[00:20:28 INF] Microsoft.Hosting.Lifetime                                             - Application is shutting down...
