[08:51:43 INF]  - Starting web host
[08:51:44 INF] Microsoft.Hosting.Lifetime                                             - Now listening on: http://localhost:5008
[08:51:44 INF] Microsoft.Hosting.Lifetime                                             - Application started. Press Ctrl+C to shut down.
[08:51:44 INF] Microsoft.Hosting.Lifetime                                             - Hosting environment: Development
[08:51:44 INF] Microsoft.Hosting.Lifetime                                             - Content root path: C:\Users\35193\RiderProjects\LEI-SEM5-PI-2025-26-3DJ-03\SEM5-PI-WEBAPI
[08:52:03 INF] Microsoft.Hosting.Lifetime                                             - Application is shutting down...
[09:26:58 INF]  - Starting web host
[09:26:59 INF] Microsoft.Hosting.Lifetime                                             - Now listening on: http://localhost:5008
[09:26:59 INF] Microsoft.Hosting.Lifetime                                             - Application started. Press Ctrl+C to shut down.
[09:26:59 INF] Microsoft.Hosting.Lifetime                                             - Hosting environment: Development
[09:26:59 INF] Microsoft.Hosting.Lifetime                                             - Content root path: C:\Users\35193\RiderProjects\LEI-SEM5-PI-2025-26-3DJ-03\SEM5-PI-WEBAPI
[09:27:07 INF] Microsoft.Hosting.Lifetime                                             - Application is shutting down...
[09:30:54 INF]  - Starting web host
[09:30:54 INF] Microsoft.Hosting.Lifetime                                             - Now listening on: http://localhost:5008
[09:30:54 INF] Microsoft.Hosting.Lifetime                                             - Application started. Press Ctrl+C to shut down.
[09:30:54 INF] Microsoft.Hosting.Lifetime                                             - Hosting environment: Development
[09:30:54 INF] Microsoft.Hosting.Lifetime                                             - Content root path: C:\Users\35193\RiderProjects\LEI-SEM5-PI-2025-26-3DJ-03\SEM5-PI-WEBAPI
[09:30:59 INF] Microsoft.Hosting.Lifetime                                             - Application is shutting down...
[09:49:39 INF]  - Starting web host
[09:49:39 INF] Microsoft.Hosting.Lifetime                                             - Now listening on: http://localhost:5008
[09:49:39 INF] Microsoft.Hosting.Lifetime                                             - Application started. Press Ctrl+C to shut down.
[09:49:39 INF] Microsoft.Hosting.Lifetime                                             - Hosting environment: Development
[09:49:39 INF] Microsoft.Hosting.Lifetime                                             - Content root path: C:\Users\35193\RiderProjects\LEI-SEM5-PI-2025-26-3DJ-03\SEM5-PI-WEBAPI
[09:49:43 INF] Microsoft.Hosting.Lifetime                                             - Application is shutting down...
[11:06:58 INF]  - Starting web host
[11:06:59 INF] Microsoft.Hosting.Lifetime                                             - Now listening on: http://localhost:5008
[11:06:59 INF] Microsoft.Hosting.Lifetime                                             - Application started. Press Ctrl+C to shut down.
[11:06:59 INF] Microsoft.Hosting.Lifetime                                             - Hosting environment: Development
[11:06:59 INF] Microsoft.Hosting.Lifetime                                             - Content root path: C:\Users\35193\RiderProjects\LEI-SEM5-PI-2025-26-3DJ-03\SEM5-PI-WEBAPI
[11:07:00 INF] Microsoft.Hosting.Lifetime                                             - Application is shutting down...
[11:08:42 INF]  - Starting web host
[11:08:43 INF] Microsoft.Hosting.Lifetime                                             - Now listening on: http://localhost:5008
[11:08:43 INF] Microsoft.Hosting.Lifetime                                             - Application started. Press Ctrl+C to shut down.
[11:08:43 INF] Microsoft.Hosting.Lifetime                                             - Hosting environment: Development
[11:08:43 INF] Microsoft.Hosting.Lifetime                                             - Content root path: C:\Users\35193\RiderProjects\LEI-SEM5-PI-2025-26-3DJ-03\SEM5-PI-WEBAPI
[11:08:56 INF] Microsoft.Hosting.Lifetime                                             - Application is shutting down...
